{"/Users/sanghoopark/Desktop/project/CoupleDiary/src/data-source.ts": {"path":"/Users/sanghoopark/Desktop/project/CoupleDiary/src/data-source.ts","statementMap":{"0":{"start":{"line":1,"column":0},"end":{"line":1,"column":25}},"1":{"start":{"line":2,"column":0},"end":{"line":2,"column":36}},"2":{"start":{"line":3,"column":0},"end":{"line":3,"column":34}},"3":{"start":{"line":4,"column":0},"end":{"line":4,"column":46}},"4":{"start":{"line":5,"column":0},"end":{"line":5,"column":37}},"5":{"start":{"line":6,"column":0},"end":{"line":6,"column":43}},"6":{"start":{"line":7,"column":0},"end":{"line":7,"column":49}},"7":{"start":{"line":8,"column":0},"end":{"line":8,"column":55}},"8":{"start":{"line":10,"column":13},"end":{"line":22,"column":null}}},"fnMap":{},"branchMap":{},"s":{"0":12,"1":12,"2":12,"3":12,"4":12,"5":12,"6":12,"7":12,"8":12},"f":{},"b":{}}
,"/Users/sanghoopark/Desktop/project/CoupleDiary/src/Board/Board.ts": {"path":"/Users/sanghoopark/Desktop/project/CoupleDiary/src/Board/Board.ts","statementMap":{"0":{"start":{"line":1,"column":0},"end":{"line":1,"column":63}},"1":{"start":{"line":2,"column":0},"end":{"line":2,"column":58}},"2":{"start":{"line":3,"column":0},"end":{"line":3,"column":36}},"3":{"start":{"line":4,"column":0},"end":{"line":4,"column":48}},"4":{"start":{"line":5,"column":0},"end":{"line":5,"column":45}},"5":{"start":{"line":6,"column":0},"end":{"line":6,"column":51}},"6":{"start":{"line":9,"column":18},"end":{"line":67,"column":null}},"7":{"start":{"line":45,"column":26},"end":{"line":45,"column":37}},"8":{"start":{"line":46,"column":12},"end":{"line":47,"column":42}},"9":{"start":{"line":48,"column":12},"end":{"line":48,"column":32}},"10":{"start":{"line":49,"column":12},"end":{"line":49,"column":36}},"11":{"start":{"line":50,"column":12},"end":{"line":50,"column":38}},"12":{"start":{"line":51,"column":12},"end":{"line":51,"column":34}},"13":{"start":{"line":52,"column":12},"end":{"line":52,"column":34}},"14":{"start":{"line":53,"column":12},"end":{"line":53,"column":null}},"15":{"start":{"line":57,"column":8},"end":{"line":57,"column":29}},"16":{"start":{"line":61,"column":8},"end":{"line":61,"column":30}},"17":{"start":{"line":12,"column":4},"end":{"line":12,"column":null}},"18":{"start":{"line":15,"column":4},"end":{"line":15,"column":null}},"19":{"start":{"line":18,"column":4},"end":{"line":18,"column":null}},"20":{"start":{"line":21,"column":4},"end":{"line":21,"column":null}},"21":{"start":{"line":24,"column":4},"end":{"line":24,"column":null}},"22":{"start":{"line":27,"column":4},"end":{"line":27,"column":null}},"23":{"start":{"line":26,"column":21},"end":{"line":26,"column":25}},"24":{"start":{"line":26,"column":37},"end":{"line":26,"column":48}},"25":{"start":{"line":30,"column":4},"end":{"line":30,"column":null}},"26":{"start":{"line":29,"column":21},"end":{"line":29,"column":29}},"27":{"start":{"line":29,"column":44},"end":{"line":29,"column":59}},"28":{"start":{"line":33,"column":4},"end":{"line":33,"column":null}},"29":{"start":{"line":32,"column":22},"end":{"line":32,"column":29}},"30":{"start":{"line":32,"column":46},"end":{"line":32,"column":60}},"31":{"start":{"line":36,"column":4},"end":{"line":36,"column":null}},"32":{"start":{"line":35,"column":22},"end":{"line":35,"column":31}},"33":{"start":{"line":35,"column":50},"end":{"line":35,"column":66}},"34":{"start":{"line":9,"column":13},"end":{"line":67,"column":null}},"35":{"start":{"line":9,"column":13},"end":{"line":9,"column":18}}},"fnMap":{"0":{"name":"(anonymous_2)","decl":{"start":{"line":38,"column":4},"end":{"line":38,"column":10}},"loc":{"start":{"line":44,"column":16},"end":{"line":54,"column":5}}},"1":{"name":"(anonymous_3)","decl":{"start":{"line":56,"column":4},"end":{"line":56,"column":13}},"loc":{"start":{"line":56,"column":13},"end":{"line":58,"column":5}}},"2":{"name":"(anonymous_4)","decl":{"start":{"line":60,"column":4},"end":{"line":60,"column":14}},"loc":{"start":{"line":60,"column":14},"end":{"line":62,"column":5}}},"3":{"name":"(anonymous_5)","decl":{"start":{"line":26,"column":15},"end":{"line":26,"column":18}},"loc":{"start":{"line":26,"column":21},"end":{"line":26,"column":25}}},"4":{"name":"(anonymous_6)","decl":{"start":{"line":26,"column":27},"end":{"line":26,"column":28}},"loc":{"start":{"line":26,"column":37},"end":{"line":26,"column":48}}},"5":{"name":"(anonymous_7)","decl":{"start":{"line":29,"column":15},"end":{"line":29,"column":18}},"loc":{"start":{"line":29,"column":21},"end":{"line":29,"column":29}}},"6":{"name":"(anonymous_8)","decl":{"start":{"line":29,"column":30},"end":{"line":29,"column":31}},"loc":{"start":{"line":29,"column":44},"end":{"line":29,"column":59}}},"7":{"name":"(anonymous_9)","decl":{"start":{"line":32,"column":15},"end":{"line":32,"column":18}},"loc":{"start":{"line":32,"column":22},"end":{"line":32,"column":29}}},"8":{"name":"(anonymous_10)","decl":{"start":{"line":32,"column":32},"end":{"line":32,"column":33}},"loc":{"start":{"line":32,"column":46},"end":{"line":32,"column":60}}},"9":{"name":"(anonymous_11)","decl":{"start":{"line":35,"column":15},"end":{"line":35,"column":18}},"loc":{"start":{"line":35,"column":22},"end":{"line":35,"column":31}}},"10":{"name":"(anonymous_12)","decl":{"start":{"line":35,"column":34},"end":{"line":35,"column":35}},"loc":{"start":{"line":35,"column":50},"end":{"line":35,"column":66}}}},"branchMap":{},"s":{"0":18,"1":18,"2":18,"3":18,"4":18,"5":18,"6":18,"7":22,"8":22,"9":22,"10":22,"11":22,"12":22,"13":22,"14":22,"15":1,"16":1,"17":18,"18":18,"19":18,"20":18,"21":18,"22":18,"23":0,"24":0,"25":18,"26":0,"27":0,"28":18,"29":0,"30":0,"31":18,"32":0,"33":0,"34":18,"35":18},"f":{"0":22,"1":1,"2":1,"3":0,"4":0,"5":0,"6":0,"7":0,"8":0,"9":0,"10":0},"b":{}}
,"/Users/sanghoopark/Desktop/project/CoupleDiary/src/Board/BoardController.ts": {"path":"/Users/sanghoopark/Desktop/project/CoupleDiary/src/Board/BoardController.ts","statementMap":{"0":{"start":{"line":1,"column":0},"end":{"line":1,"column":97}},"1":{"start":{"line":2,"column":0},"end":{"line":2,"column":41}},"2":{"start":{"line":3,"column":0},"end":{"line":3,"column":54}},"3":{"start":{"line":6,"column":0},"end":{"line":6,"column":54}},"4":{"start":{"line":8,"column":0},"end":{"line":8,"column":46}},"5":{"start":{"line":12,"column":0},"end":{"line":73,"column":null}},"6":{"start":{"line":15,"column":16},"end":{"line":15,"column":29}},"7":{"start":{"line":20,"column":8},"end":{"line":25,"column":null}},"8":{"start":{"line":21,"column":12},"end":{"line":21,"column":null}},"9":{"start":{"line":23,"column":12},"end":{"line":23,"column":null}},"10":{"start":{"line":24,"column":12},"end":{"line":24,"column":null}},"11":{"start":{"line":30,"column":8},"end":{"line":35,"column":null}},"12":{"start":{"line":31,"column":12},"end":{"line":31,"column":53}},"13":{"start":{"line":33,"column":12},"end":{"line":33,"column":null}},"14":{"start":{"line":34,"column":12},"end":{"line":34,"column":null}},"15":{"start":{"line":40,"column":8},"end":{"line":45,"column":null}},"16":{"start":{"line":41,"column":12},"end":{"line":41,"column":56}},"17":{"start":{"line":43,"column":12},"end":{"line":43,"column":null}},"18":{"start":{"line":44,"column":12},"end":{"line":44,"column":null}},"19":{"start":{"line":52,"column":12},"end":{"line":57,"column":null}},"20":{"start":{"line":53,"column":16},"end":{"line":53,"column":78}},"21":{"start":{"line":55,"column":16},"end":{"line":55,"column":null}},"22":{"start":{"line":56,"column":16},"end":{"line":56,"column":null}},"23":{"start":{"line":62,"column":8},"end":{"line":68,"column":null}},"24":{"start":{"line":63,"column":12},"end":{"line":63,"column":null}},"25":{"start":{"line":65,"column":12},"end":{"line":65,"column":null}},"26":{"start":{"line":66,"column":12},"end":{"line":66,"column":33}},"27":{"start":{"line":67,"column":12},"end":{"line":67,"column":33}},"28":{"start":{"line":19,"column":4},"end":{"line":26,"column":null}},"29":{"start":{"line":29,"column":4},"end":{"line":36,"column":null}},"30":{"start":{"line":39,"column":4},"end":{"line":46,"column":null}},"31":{"start":{"line":49,"column":4},"end":{"line":58,"column":null}},"32":{"start":{"line":61,"column":4},"end":{"line":69,"column":null}},"33":{"start":{"line":12,"column":13},"end":{"line":73,"column":null}},"34":{"start":{"line":12,"column":13},"end":{"line":12,"column":28}}},"fnMap":{"0":{"name":"(anonymous_11)","decl":{"start":{"line":13,"column":4},"end":{"line":13,"column":null}},"loc":{"start":{"line":15,"column":41},"end":{"line":16,"column":8}}},"1":{"name":"(anonymous_12)","decl":{"start":{"line":19,"column":17},"end":{"line":19,"column":28}},"loc":{"start":{"line":19,"column":66},"end":{"line":26,"column":null}}},"2":{"name":"(anonymous_14)","decl":{"start":{"line":29,"column":17},"end":{"line":29,"column":24}},"loc":{"start":{"line":29,"column":24},"end":{"line":36,"column":null}}},"3":{"name":"(anonymous_16)","decl":{"start":{"line":39,"column":17},"end":{"line":39,"column":25}},"loc":{"start":{"line":39,"column":48},"end":{"line":46,"column":null}}},"4":{"name":"(anonymous_18)","decl":{"start":{"line":49,"column":17},"end":{"line":49,"column":28}},"loc":{"start":{"line":51,"column":45},"end":{"line":58,"column":null}}},"5":{"name":"(anonymous_20)","decl":{"start":{"line":61,"column":17},"end":{"line":61,"column":28}},"loc":{"start":{"line":61,"column":52},"end":{"line":69,"column":null}}}},"branchMap":{},"s":{"0":1,"1":1,"2":1,"3":1,"4":1,"5":1,"6":11,"7":1,"8":1,"9":0,"10":0,"11":1,"12":1,"13":0,"14":0,"15":1,"16":1,"17":0,"18":0,"19":1,"20":1,"21":0,"22":0,"23":1,"24":1,"25":0,"26":0,"27":0,"28":1,"29":1,"30":1,"31":1,"32":1,"33":1,"34":1},"f":{"0":11,"1":1,"2":1,"3":1,"4":1,"5":1},"b":{}}
,"/Users/sanghoopark/Desktop/project/CoupleDiary/src/Board/BoardRepository.ts": {"path":"/Users/sanghoopark/Desktop/project/CoupleDiary/src/Board/BoardRepository.ts","statementMap":{"0":{"start":{"line":1,"column":0},"end":{"line":1,"column":33}},"1":{"start":{"line":2,"column":0},"end":{"line":2,"column":37}},"2":{"start":{"line":3,"column":0},"end":{"line":3,"column":32}},"3":{"start":{"line":4,"column":0},"end":{"line":4,"column":47}},"4":{"start":{"line":7,"column":0},"end":{"line":11,"column":null}},"5":{"start":{"line":9,"column":8},"end":{"line":9,"column":null}},"6":{"start":{"line":7,"column":13},"end":{"line":11,"column":null}},"7":{"start":{"line":7,"column":13},"end":{"line":7,"column":28}}},"fnMap":{"0":{"name":"(anonymous_2)","decl":{"start":{"line":8,"column":4},"end":{"line":8,"column":null}},"loc":{"start":{"line":8,"column":4},"end":{"line":10,"column":5}}}},"branchMap":{},"s":{"0":2,"1":2,"2":2,"3":2,"4":2,"5":0,"6":2,"7":2},"f":{"0":0},"b":{}}
,"/Users/sanghoopark/Desktop/project/CoupleDiary/src/Board/BoardService.ts": {"path":"/Users/sanghoopark/Desktop/project/CoupleDiary/src/Board/BoardService.ts","statementMap":{"0":{"start":{"line":1,"column":0},"end":{"line":1,"column":41}},"1":{"start":{"line":4,"column":0},"end":{"line":4,"column":69}},"2":{"start":{"line":7,"column":0},"end":{"line":7,"column":52}},"3":{"start":{"line":10,"column":0},"end":{"line":67,"column":null}},"4":{"start":{"line":13,"column":16},"end":{"line":13,"column":32}},"5":{"start":{"line":17,"column":22},"end":{"line":17,"column":47}},"6":{"start":{"line":19,"column":8},"end":{"line":25,"column":null}},"7":{"start":{"line":20,"column":27},"end":{"line":20,"column":65}},"8":{"start":{"line":21,"column":12},"end":{"line":21,"column":null}},"9":{"start":{"line":23,"column":12},"end":{"line":23,"column":51}},"10":{"start":{"line":24,"column":12},"end":{"line":24,"column":33}},"11":{"start":{"line":29,"column":22},"end":{"line":29,"column":64}},"12":{"start":{"line":30,"column":8},"end":{"line":32,"column":null}},"13":{"start":{"line":31,"column":12},"end":{"line":31,"column":null}},"14":{"start":{"line":33,"column":8},"end":{"line":33,"column":null}},"15":{"start":{"line":37,"column":8},"end":{"line":37,"column":49}},"16":{"start":{"line":41,"column":20},"end":{"line":41,"column":62}},"17":{"start":{"line":42,"column":8},"end":{"line":44,"column":null}},"18":{"start":{"line":43,"column":12},"end":{"line":43,"column":null}},"19":{"start":{"line":46,"column":29},"end":{"line":46,"column":105}},"20":{"start":{"line":47,"column":8},"end":{"line":49,"column":null}},"21":{"start":{"line":48,"column":12},"end":{"line":48,"column":null}},"22":{"start":{"line":50,"column":8},"end":{"line":50,"column":24}},"23":{"start":{"line":54,"column":28},"end":{"line":54,"column":70}},"24":{"start":{"line":55,"column":8},"end":{"line":57,"column":null}},"25":{"start":{"line":56,"column":12},"end":{"line":56,"column":null}},"26":{"start":{"line":59,"column":42},"end":{"line":59,"column":81}},"27":{"start":{"line":60,"column":8},"end":{"line":62,"column":null}},"28":{"start":{"line":61,"column":12},"end":{"line":61,"column":null}},"29":{"start":{"line":63,"column":8},"end":{"line":63,"column":null}},"30":{"start":{"line":10,"column":13},"end":{"line":67,"column":null}},"31":{"start":{"line":10,"column":13},"end":{"line":10,"column":25}}},"fnMap":{"0":{"name":"(anonymous_11)","decl":{"start":{"line":11,"column":4},"end":{"line":11,"column":null}},"loc":{"start":{"line":13,"column":47},"end":{"line":14,"column":8}}},"1":{"name":"(anonymous_12)","decl":{"start":{"line":16,"column":17},"end":{"line":16,"column":28}},"loc":{"start":{"line":16,"column":59},"end":{"line":26,"column":null}}},"2":{"name":"(anonymous_14)","decl":{"start":{"line":28,"column":17},"end":{"line":28,"column":25}},"loc":{"start":{"line":28,"column":36},"end":{"line":34,"column":null}}},"3":{"name":"(anonymous_16)","decl":{"start":{"line":36,"column":17},"end":{"line":36,"column":24}},"loc":{"start":{"line":36,"column":24},"end":{"line":38,"column":null}}},"4":{"name":"(anonymous_18)","decl":{"start":{"line":40,"column":17},"end":{"line":40,"column":28}},"loc":{"start":{"line":40,"column":68},"end":{"line":51,"column":null}}},"5":{"name":"(anonymous_20)","decl":{"start":{"line":53,"column":17},"end":{"line":53,"column":28}},"loc":{"start":{"line":53,"column":38},"end":{"line":64,"column":null}}}},"branchMap":{"0":{"loc":{"start":{"line":30,"column":8},"end":{"line":32,"column":null}},"type":"if","locations":[{"start":{"line":30,"column":8},"end":{"line":32,"column":null}}]},"1":{"loc":{"start":{"line":42,"column":8},"end":{"line":44,"column":null}},"type":"if","locations":[{"start":{"line":42,"column":8},"end":{"line":44,"column":null}}]},"2":{"loc":{"start":{"line":47,"column":8},"end":{"line":49,"column":null}},"type":"if","locations":[{"start":{"line":47,"column":8},"end":{"line":49,"column":null}}]},"3":{"loc":{"start":{"line":55,"column":8},"end":{"line":57,"column":null}},"type":"if","locations":[{"start":{"line":55,"column":8},"end":{"line":57,"column":null}}]},"4":{"loc":{"start":{"line":60,"column":8},"end":{"line":62,"column":null}},"type":"if","locations":[{"start":{"line":60,"column":8},"end":{"line":62,"column":null}}]}},"s":{"0":2,"1":2,"2":2,"3":2,"4":17,"5":1,"6":1,"7":1,"8":1,"9":0,"10":0,"11":2,"12":2,"13":1,"14":1,"15":1,"16":3,"17":3,"18":1,"19":2,"20":2,"21":1,"22":1,"23":2,"24":2,"25":1,"26":1,"27":1,"28":0,"29":1,"30":2,"31":2},"f":{"0":17,"1":1,"2":2,"3":1,"4":3,"5":2},"b":{"0":[1],"1":[1],"2":[1],"3":[1],"4":[0]}}
,"/Users/sanghoopark/Desktop/project/CoupleDiary/src/Board/dto/createBoardDto.ts": {"path":"/Users/sanghoopark/Desktop/project/CoupleDiary/src/Board/dto/createBoardDto.ts","statementMap":{"0":{"start":{"line":2,"column":0},"end":{"line":2,"column":61}},"1":{"start":{"line":3,"column":0},"end":{"line":3,"column":91}},"2":{"start":{"line":4,"column":0},"end":{"line":4,"column":33}},"3":{"start":{"line":30,"column":8},"end":{"line":36,"column":null}},"4":{"start":{"line":10,"column":4},"end":{"line":10,"column":null}},"5":{"start":{"line":14,"column":4},"end":{"line":14,"column":null}},"6":{"start":{"line":18,"column":4},"end":{"line":18,"column":null}},"7":{"start":{"line":22,"column":4},"end":{"line":22,"column":null}},"8":{"start":{"line":27,"column":4},"end":{"line":27,"column":null}},"9":{"start":{"line":6,"column":0},"end":{"line":6,"column":13}}},"fnMap":{"0":{"name":"(anonymous_2)","decl":{"start":{"line":29,"column":11},"end":{"line":29,"column":19}},"loc":{"start":{"line":29,"column":41},"end":{"line":37,"column":5}}}},"branchMap":{"0":{"loc":{"start":{"line":29,"column":20},"end":{"line":29,"column":41}},"type":"default-arg","locations":[{"start":{"line":29,"column":31},"end":{"line":29,"column":41}}]}},"s":{"0":2,"1":2,"2":2,"3":3,"4":2,"5":2,"6":2,"7":2,"8":2,"9":2},"f":{"0":3},"b":{"0":[2]}}
,"/Users/sanghoopark/Desktop/project/CoupleDiary/src/Board/dto/updateBoardDto.ts": {"path":"/Users/sanghoopark/Desktop/project/CoupleDiary/src/Board/dto/updateBoardDto.ts","statementMap":{"0":{"start":{"line":1,"column":0},"end":{"line":1,"column":63}},"1":{"start":{"line":18,"column":32},"end":{"line":23,"column":null}},"2":{"start":{"line":24,"column":8},"end":{"line":24,"column":null}},"3":{"start":{"line":7,"column":4},"end":{"line":7,"column":null}},"4":{"start":{"line":11,"column":4},"end":{"line":11,"column":null}},"5":{"start":{"line":15,"column":4},"end":{"line":15,"column":null}},"6":{"start":{"line":3,"column":0},"end":{"line":3,"column":13}}},"fnMap":{"0":{"name":"(anonymous_2)","decl":{"start":{"line":17,"column":11},"end":{"line":17,"column":26}},"loc":{"start":{"line":17,"column":54},"end":{"line":25,"column":5}}}},"branchMap":{"0":{"loc":{"start":{"line":17,"column":27},"end":{"line":17,"column":54}},"type":"default-arg","locations":[{"start":{"line":17,"column":44},"end":{"line":17,"column":54}}]}},"s":{"0":2,"1":7,"2":7,"3":2,"4":2,"5":2,"6":2},"f":{"0":7},"b":{"0":[0]}}
,"/Users/sanghoopark/Desktop/project/CoupleDiary/src/BoardLike/BoardLike.ts": {"path":"/Users/sanghoopark/Desktop/project/CoupleDiary/src/BoardLike/BoardLike.ts","statementMap":{"0":{"start":{"line":1,"column":0},"end":{"line":1,"column":52}},"1":{"start":{"line":2,"column":0},"end":{"line":2,"column":58}},"2":{"start":{"line":3,"column":0},"end":{"line":3,"column":36}},"3":{"start":{"line":4,"column":0},"end":{"line":4,"column":39}},"4":{"start":{"line":7,"column":22},"end":{"line":34,"column":null}},"5":{"start":{"line":25,"column":30},"end":{"line":25,"column":45}},"6":{"start":{"line":26,"column":12},"end":{"line":27,"column":40}},"7":{"start":{"line":28,"column":12},"end":{"line":28,"column":38}},"8":{"start":{"line":29,"column":12},"end":{"line":29,"column":38}},"9":{"start":{"line":30,"column":12},"end":{"line":30,"column":null}},"10":{"start":{"line":10,"column":4},"end":{"line":10,"column":null}},"11":{"start":{"line":13,"column":4},"end":{"line":13,"column":null}},"12":{"start":{"line":16,"column":4},"end":{"line":16,"column":null}},"13":{"start":{"line":15,"column":21},"end":{"line":15,"column":25}},"14":{"start":{"line":15,"column":37},"end":{"line":15,"column":52}},"15":{"start":{"line":19,"column":4},"end":{"line":19,"column":null}},"16":{"start":{"line":18,"column":21},"end":{"line":18,"column":26}},"17":{"start":{"line":18,"column":38},"end":{"line":18,"column":54}},"18":{"start":{"line":7,"column":13},"end":{"line":34,"column":null}},"19":{"start":{"line":7,"column":13},"end":{"line":7,"column":22}}},"fnMap":{"0":{"name":"(anonymous_2)","decl":{"start":{"line":21,"column":4},"end":{"line":21,"column":10}},"loc":{"start":{"line":24,"column":16},"end":{"line":31,"column":5}}},"1":{"name":"(anonymous_3)","decl":{"start":{"line":15,"column":15},"end":{"line":15,"column":18}},"loc":{"start":{"line":15,"column":21},"end":{"line":15,"column":25}}},"2":{"name":"(anonymous_4)","decl":{"start":{"line":15,"column":27},"end":{"line":15,"column":28}},"loc":{"start":{"line":15,"column":37},"end":{"line":15,"column":52}}},"3":{"name":"(anonymous_5)","decl":{"start":{"line":18,"column":15},"end":{"line":18,"column":18}},"loc":{"start":{"line":18,"column":21},"end":{"line":18,"column":26}}},"4":{"name":"(anonymous_6)","decl":{"start":{"line":18,"column":27},"end":{"line":18,"column":28}},"loc":{"start":{"line":18,"column":38},"end":{"line":18,"column":54}}}},"branchMap":{},"s":{"0":18,"1":18,"2":18,"3":18,"4":18,"5":16,"6":16,"7":16,"8":16,"9":16,"10":18,"11":18,"12":18,"13":0,"14":0,"15":18,"16":0,"17":0,"18":18,"19":18},"f":{"0":16,"1":0,"2":0,"3":0,"4":0},"b":{}}
,"/Users/sanghoopark/Desktop/project/CoupleDiary/src/BoardLike/BoardLikeController.ts": {"path":"/Users/sanghoopark/Desktop/project/CoupleDiary/src/BoardLike/BoardLikeController.ts","statementMap":{"0":{"start":{"line":1,"column":0},"end":{"line":1,"column":41}},"1":{"start":{"line":2,"column":0},"end":{"line":2,"column":54}},"2":{"start":{"line":3,"column":0},"end":{"line":3,"column":85}},"3":{"start":{"line":4,"column":0},"end":{"line":4,"column":62}},"4":{"start":{"line":10,"column":0},"end":{"line":59,"column":null}},"5":{"start":{"line":13,"column":16},"end":{"line":13,"column":33}},"6":{"start":{"line":18,"column":8},"end":{"line":23,"column":null}},"7":{"start":{"line":19,"column":12},"end":{"line":19,"column":null}},"8":{"start":{"line":21,"column":12},"end":{"line":21,"column":null}},"9":{"start":{"line":22,"column":12},"end":{"line":22,"column":null}},"10":{"start":{"line":28,"column":8},"end":{"line":33,"column":null}},"11":{"start":{"line":29,"column":12},"end":{"line":29,"column":57}},"12":{"start":{"line":31,"column":12},"end":{"line":31,"column":null}},"13":{"start":{"line":32,"column":12},"end":{"line":32,"column":null}},"14":{"start":{"line":38,"column":8},"end":{"line":43,"column":null}},"15":{"start":{"line":39,"column":12},"end":{"line":39,"column":60}},"16":{"start":{"line":41,"column":12},"end":{"line":41,"column":null}},"17":{"start":{"line":42,"column":12},"end":{"line":42,"column":null}},"18":{"start":{"line":48,"column":8},"end":{"line":54,"column":null}},"19":{"start":{"line":49,"column":12},"end":{"line":49,"column":null}},"20":{"start":{"line":51,"column":12},"end":{"line":51,"column":null}},"21":{"start":{"line":52,"column":12},"end":{"line":52,"column":33}},"22":{"start":{"line":53,"column":12},"end":{"line":53,"column":33}},"23":{"start":{"line":17,"column":4},"end":{"line":24,"column":null}},"24":{"start":{"line":27,"column":4},"end":{"line":34,"column":null}},"25":{"start":{"line":37,"column":4},"end":{"line":44,"column":null}},"26":{"start":{"line":47,"column":4},"end":{"line":55,"column":null}},"27":{"start":{"line":10,"column":13},"end":{"line":59,"column":null}},"28":{"start":{"line":10,"column":13},"end":{"line":10,"column":32}}},"fnMap":{"0":{"name":"(anonymous_11)","decl":{"start":{"line":11,"column":4},"end":{"line":11,"column":null}},"loc":{"start":{"line":13,"column":49},"end":{"line":14,"column":8}}},"1":{"name":"(anonymous_12)","decl":{"start":{"line":17,"column":17},"end":{"line":17,"column":32}},"loc":{"start":{"line":17,"column":78},"end":{"line":24,"column":null}}},"2":{"name":"(anonymous_14)","decl":{"start":{"line":27,"column":17},"end":{"line":27,"column":24}},"loc":{"start":{"line":27,"column":24},"end":{"line":34,"column":null}}},"3":{"name":"(anonymous_16)","decl":{"start":{"line":37,"column":17},"end":{"line":37,"column":25}},"loc":{"start":{"line":37,"column":48},"end":{"line":44,"column":null}}},"4":{"name":"(anonymous_18)","decl":{"start":{"line":47,"column":17},"end":{"line":47,"column":32}},"loc":{"start":{"line":47,"column":56},"end":{"line":55,"column":null}}}},"branchMap":{},"s":{"0":1,"1":1,"2":1,"3":1,"4":1,"5":9,"6":1,"7":1,"8":0,"9":0,"10":1,"11":1,"12":0,"13":0,"14":1,"15":1,"16":0,"17":0,"18":1,"19":1,"20":0,"21":0,"22":0,"23":1,"24":1,"25":1,"26":1,"27":1,"28":1},"f":{"0":9,"1":1,"2":1,"3":1,"4":1},"b":{}}
,"/Users/sanghoopark/Desktop/project/CoupleDiary/src/BoardLike/BoardLikeRepository.ts": {"path":"/Users/sanghoopark/Desktop/project/CoupleDiary/src/BoardLike/BoardLikeRepository.ts","statementMap":{"0":{"start":{"line":1,"column":0},"end":{"line":1,"column":37}},"1":{"start":{"line":2,"column":0},"end":{"line":2,"column":40}},"2":{"start":{"line":4,"column":0},"end":{"line":4,"column":47}},"3":{"start":{"line":5,"column":0},"end":{"line":5,"column":33}},"4":{"start":{"line":8,"column":0},"end":{"line":12,"column":null}},"5":{"start":{"line":10,"column":8},"end":{"line":10,"column":null}},"6":{"start":{"line":8,"column":13},"end":{"line":12,"column":null}},"7":{"start":{"line":8,"column":13},"end":{"line":8,"column":32}}},"fnMap":{"0":{"name":"(anonymous_2)","decl":{"start":{"line":9,"column":4},"end":{"line":9,"column":null}},"loc":{"start":{"line":9,"column":4},"end":{"line":11,"column":5}}}},"branchMap":{},"s":{"0":2,"1":2,"2":2,"3":2,"4":2,"5":0,"6":2,"7":2},"f":{"0":0},"b":{}}
,"/Users/sanghoopark/Desktop/project/CoupleDiary/src/BoardLike/BoardLikeService.ts": {"path":"/Users/sanghoopark/Desktop/project/CoupleDiary/src/BoardLike/BoardLikeService.ts","statementMap":{"0":{"start":{"line":1,"column":0},"end":{"line":1,"column":41}},"1":{"start":{"line":2,"column":0},"end":{"line":2,"column":60}},"2":{"start":{"line":5,"column":0},"end":{"line":5,"column":69}},"3":{"start":{"line":9,"column":0},"end":{"line":52,"column":null}},"4":{"start":{"line":12,"column":16},"end":{"line":12,"column":36}},"5":{"start":{"line":16,"column":26},"end":{"line":16,"column":55}},"6":{"start":{"line":18,"column":8},"end":{"line":24,"column":null}},"7":{"start":{"line":19,"column":27},"end":{"line":19,"column":73}},"8":{"start":{"line":20,"column":12},"end":{"line":20,"column":null}},"9":{"start":{"line":22,"column":12},"end":{"line":22,"column":51}},"10":{"start":{"line":23,"column":12},"end":{"line":23,"column":33}},"11":{"start":{"line":28,"column":26},"end":{"line":28,"column":72}},"12":{"start":{"line":29,"column":8},"end":{"line":31,"column":null}},"13":{"start":{"line":30,"column":12},"end":{"line":30,"column":null}},"14":{"start":{"line":32,"column":8},"end":{"line":32,"column":null}},"15":{"start":{"line":36,"column":8},"end":{"line":36,"column":53}},"16":{"start":{"line":40,"column":36},"end":{"line":40,"column":82}},"17":{"start":{"line":41,"column":8},"end":{"line":43,"column":null}},"18":{"start":{"line":42,"column":12},"end":{"line":42,"column":null}},"19":{"start":{"line":45,"column":42},"end":{"line":45,"column":85}},"20":{"start":{"line":46,"column":8},"end":{"line":48,"column":null}},"21":{"start":{"line":47,"column":12},"end":{"line":47,"column":null}},"22":{"start":{"line":49,"column":8},"end":{"line":49,"column":null}},"23":{"start":{"line":9,"column":13},"end":{"line":52,"column":null}},"24":{"start":{"line":9,"column":13},"end":{"line":9,"column":29}}},"fnMap":{"0":{"name":"(anonymous_11)","decl":{"start":{"line":10,"column":4},"end":{"line":10,"column":null}},"loc":{"start":{"line":12,"column":55},"end":{"line":13,"column":8}}},"1":{"name":"(anonymous_12)","decl":{"start":{"line":15,"column":17},"end":{"line":15,"column":32}},"loc":{"start":{"line":15,"column":71},"end":{"line":25,"column":null}}},"2":{"name":"(anonymous_14)","decl":{"start":{"line":27,"column":17},"end":{"line":27,"column":25}},"loc":{"start":{"line":27,"column":36},"end":{"line":33,"column":null}}},"3":{"name":"(anonymous_16)","decl":{"start":{"line":35,"column":17},"end":{"line":35,"column":24}},"loc":{"start":{"line":35,"column":24},"end":{"line":37,"column":null}}},"4":{"name":"(anonymous_18)","decl":{"start":{"line":39,"column":17},"end":{"line":39,"column":32}},"loc":{"start":{"line":39,"column":42},"end":{"line":50,"column":null}}}},"branchMap":{"0":{"loc":{"start":{"line":29,"column":8},"end":{"line":31,"column":null}},"type":"if","locations":[{"start":{"line":29,"column":8},"end":{"line":31,"column":null}}]},"1":{"loc":{"start":{"line":41,"column":8},"end":{"line":43,"column":null}},"type":"if","locations":[{"start":{"line":41,"column":8},"end":{"line":43,"column":null}}]},"2":{"loc":{"start":{"line":46,"column":8},"end":{"line":48,"column":null}},"type":"if","locations":[{"start":{"line":46,"column":8},"end":{"line":48,"column":null}}]}},"s":{"0":2,"1":2,"2":2,"3":2,"4":12,"5":1,"6":1,"7":1,"8":1,"9":0,"10":0,"11":2,"12":2,"13":1,"14":1,"15":1,"16":2,"17":2,"18":1,"19":1,"20":1,"21":0,"22":1,"23":2,"24":2},"f":{"0":12,"1":1,"2":2,"3":1,"4":2},"b":{"0":[1],"1":[1],"2":[0]}}
,"/Users/sanghoopark/Desktop/project/CoupleDiary/src/BoardLike/dto/createBoardLikeDto.ts": {"path":"/Users/sanghoopark/Desktop/project/CoupleDiary/src/BoardLike/dto/createBoardLikeDto.ts","statementMap":{"0":{"start":{"line":1,"column":0},"end":{"line":1,"column":75}},"1":{"start":{"line":2,"column":0},"end":{"line":2,"column":61}},"2":{"start":{"line":3,"column":0},"end":{"line":3,"column":41}},"3":{"start":{"line":16,"column":8},"end":{"line":19,"column":null}},"4":{"start":{"line":9,"column":4},"end":{"line":9,"column":null}},"5":{"start":{"line":13,"column":4},"end":{"line":13,"column":null}},"6":{"start":{"line":5,"column":0},"end":{"line":5,"column":13}}},"fnMap":{"0":{"name":"(anonymous_2)","decl":{"start":{"line":15,"column":11},"end":{"line":15,"column":19}},"loc":{"start":{"line":15,"column":41},"end":{"line":20,"column":5}}}},"branchMap":{"0":{"loc":{"start":{"line":15,"column":20},"end":{"line":15,"column":41}},"type":"default-arg","locations":[{"start":{"line":15,"column":31},"end":{"line":15,"column":41}}]}},"s":{"0":2,"1":2,"2":2,"3":3,"4":2,"5":2,"6":2},"f":{"0":3},"b":{"0":[2]}}
,"/Users/sanghoopark/Desktop/project/CoupleDiary/src/Category/Category.ts": {"path":"/Users/sanghoopark/Desktop/project/CoupleDiary/src/Category/Category.ts","statementMap":{"0":{"start":{"line":1,"column":0},"end":{"line":1,"column":60}},"1":{"start":{"line":2,"column":0},"end":{"line":2,"column":58}},"2":{"start":{"line":3,"column":0},"end":{"line":3,"column":39}},"3":{"start":{"line":7,"column":21},"end":{"line":22,"column":null}},"4":{"start":{"line":16,"column":26},"end":{"line":16,"column":40}},"5":{"start":{"line":17,"column":8},"end":{"line":17,"column":30}},"6":{"start":{"line":18,"column":8},"end":{"line":18,"column":34}},"7":{"start":{"line":19,"column":8},"end":{"line":19,"column":34}},"8":{"start":{"line":20,"column":8},"end":{"line":20,"column":25}},"9":{"start":{"line":10,"column":4},"end":{"line":10,"column":null}},"10":{"start":{"line":13,"column":4},"end":{"line":13,"column":null}},"11":{"start":{"line":12,"column":21},"end":{"line":12,"column":26}},"12":{"start":{"line":12,"column":39},"end":{"line":12,"column":54}},"13":{"start":{"line":7,"column":13},"end":{"line":22,"column":null}},"14":{"start":{"line":7,"column":13},"end":{"line":7,"column":21}}},"fnMap":{"0":{"name":"(anonymous_2)","decl":{"start":{"line":15,"column":4},"end":{"line":15,"column":10}},"loc":{"start":{"line":15,"column":54},"end":{"line":21,"column":5}}},"1":{"name":"(anonymous_3)","decl":{"start":{"line":12,"column":15},"end":{"line":12,"column":18}},"loc":{"start":{"line":12,"column":21},"end":{"line":12,"column":26}}},"2":{"name":"(anonymous_4)","decl":{"start":{"line":12,"column":27},"end":{"line":12,"column":28}},"loc":{"start":{"line":12,"column":39},"end":{"line":12,"column":54}}}},"branchMap":{"0":{"loc":{"start":{"line":15,"column":38},"end":{"line":15,"column":54}},"type":"default-arg","locations":[{"start":{"line":15,"column":44},"end":{"line":15,"column":54}}]}},"s":{"0":18,"1":18,"2":18,"3":18,"4":4,"5":4,"6":4,"7":4,"8":4,"9":18,"10":18,"11":0,"12":0,"13":18,"14":18},"f":{"0":4,"1":0,"2":0},"b":{"0":[0]}}
,"/Users/sanghoopark/Desktop/project/CoupleDiary/src/Category/CategoryController.ts": {"path":"/Users/sanghoopark/Desktop/project/CoupleDiary/src/Category/CategoryController.ts","statementMap":{"0":{"start":{"line":1,"column":0},"end":{"line":1,"column":92}},"1":{"start":{"line":2,"column":0},"end":{"line":2,"column":41}},"2":{"start":{"line":3,"column":0},"end":{"line":3,"column":52}},"3":{"start":{"line":4,"column":0},"end":{"line":4,"column":48}},"4":{"start":{"line":10,"column":0},"end":{"line":59,"column":null}},"5":{"start":{"line":13,"column":16},"end":{"line":13,"column":32}},"6":{"start":{"line":18,"column":8},"end":{"line":23,"column":null}},"7":{"start":{"line":19,"column":12},"end":{"line":19,"column":74}},"8":{"start":{"line":21,"column":12},"end":{"line":21,"column":29}},"9":{"start":{"line":22,"column":12},"end":{"line":22,"column":29}},"10":{"start":{"line":28,"column":8},"end":{"line":28,"column":52}},"11":{"start":{"line":33,"column":8},"end":{"line":33,"column":63}},"12":{"start":{"line":40,"column":8},"end":{"line":45,"column":null}},"13":{"start":{"line":41,"column":12},"end":{"line":41,"column":77}},"14":{"start":{"line":43,"column":12},"end":{"line":43,"column":33}},"15":{"start":{"line":44,"column":12},"end":{"line":44,"column":33}},"16":{"start":{"line":50,"column":8},"end":{"line":55,"column":null}},"17":{"start":{"line":51,"column":12},"end":{"line":51,"column":65}},"18":{"start":{"line":53,"column":12},"end":{"line":53,"column":33}},"19":{"start":{"line":54,"column":12},"end":{"line":54,"column":33}},"20":{"start":{"line":17,"column":4},"end":{"line":24,"column":null}},"21":{"start":{"line":27,"column":4},"end":{"line":29,"column":null}},"22":{"start":{"line":32,"column":4},"end":{"line":34,"column":null}},"23":{"start":{"line":37,"column":4},"end":{"line":46,"column":null}},"24":{"start":{"line":49,"column":4},"end":{"line":56,"column":null}},"25":{"start":{"line":10,"column":13},"end":{"line":59,"column":null}},"26":{"start":{"line":10,"column":13},"end":{"line":10,"column":31}}},"fnMap":{"0":{"name":"(anonymous_11)","decl":{"start":{"line":11,"column":4},"end":{"line":11,"column":null}},"loc":{"start":{"line":13,"column":47},"end":{"line":14,"column":8}}},"1":{"name":"(anonymous_12)","decl":{"start":{"line":17,"column":17},"end":{"line":17,"column":31}},"loc":{"start":{"line":17,"column":63},"end":{"line":24,"column":null}}},"2":{"name":"(anonymous_14)","decl":{"start":{"line":27,"column":17},"end":{"line":27,"column":24}},"loc":{"start":{"line":27,"column":24},"end":{"line":29,"column":null}}},"3":{"name":"(anonymous_16)","decl":{"start":{"line":32,"column":17},"end":{"line":32,"column":33}},"loc":{"start":{"line":32,"column":56},"end":{"line":34,"column":null}}},"4":{"name":"(anonymous_18)","decl":{"start":{"line":37,"column":17},"end":{"line":37,"column":31}},"loc":{"start":{"line":39,"column":39},"end":{"line":46,"column":null}}},"5":{"name":"(anonymous_20)","decl":{"start":{"line":49,"column":17},"end":{"line":49,"column":31}},"loc":{"start":{"line":49,"column":54},"end":{"line":56,"column":null}}}},"branchMap":{},"s":{"0":1,"1":1,"2":1,"3":1,"4":1,"5":11,"6":1,"7":1,"8":0,"9":0,"10":1,"11":1,"12":1,"13":1,"14":0,"15":0,"16":1,"17":1,"18":0,"19":0,"20":1,"21":1,"22":1,"23":1,"24":1,"25":1,"26":1},"f":{"0":11,"1":1,"2":1,"3":1,"4":1,"5":1},"b":{}}
,"/Users/sanghoopark/Desktop/project/CoupleDiary/src/Category/CategoryRepository.ts": {"path":"/Users/sanghoopark/Desktop/project/CoupleDiary/src/Category/CategoryRepository.ts","statementMap":{"0":{"start":{"line":1,"column":0},"end":{"line":1,"column":37}},"1":{"start":{"line":2,"column":0},"end":{"line":2,"column":38}},"2":{"start":{"line":3,"column":0},"end":{"line":3,"column":47}},"3":{"start":{"line":4,"column":0},"end":{"line":4,"column":33}},"4":{"start":{"line":7,"column":0},"end":{"line":11,"column":null}},"5":{"start":{"line":9,"column":8},"end":{"line":9,"column":60}},"6":{"start":{"line":7,"column":13},"end":{"line":11,"column":null}},"7":{"start":{"line":7,"column":13},"end":{"line":7,"column":31}}},"fnMap":{"0":{"name":"(anonymous_2)","decl":{"start":{"line":8,"column":4},"end":{"line":8,"column":null}},"loc":{"start":{"line":8,"column":4},"end":{"line":10,"column":5}}}},"branchMap":{},"s":{"0":2,"1":2,"2":2,"3":2,"4":2,"5":0,"6":2,"7":2},"f":{"0":0},"b":{}}
,"/Users/sanghoopark/Desktop/project/CoupleDiary/src/Category/CategoryService.ts": {"path":"/Users/sanghoopark/Desktop/project/CoupleDiary/src/Category/CategoryService.ts","statementMap":{"0":{"start":{"line":1,"column":0},"end":{"line":1,"column":41}},"1":{"start":{"line":2,"column":0},"end":{"line":2,"column":58}},"2":{"start":{"line":4,"column":0},"end":{"line":4,"column":69}},"3":{"start":{"line":9,"column":0},"end":{"line":76,"column":null}},"4":{"start":{"line":12,"column":16},"end":{"line":12,"column":35}},"5":{"start":{"line":17,"column":25},"end":{"line":17,"column":47}},"6":{"start":{"line":19,"column":8},"end":{"line":21,"column":null}},"7":{"start":{"line":20,"column":12},"end":{"line":20,"column":null}},"8":{"start":{"line":23,"column":8},"end":{"line":29,"column":null}},"9":{"start":{"line":24,"column":27},"end":{"line":24,"column":71}},"10":{"start":{"line":25,"column":12},"end":{"line":25,"column":null}},"11":{"start":{"line":27,"column":12},"end":{"line":27,"column":33}},"12":{"start":{"line":28,"column":12},"end":{"line":28,"column":null}},"13":{"start":{"line":33,"column":8},"end":{"line":33,"column":46}},"14":{"start":{"line":37,"column":34},"end":{"line":37,"column":79}},"15":{"start":{"line":38,"column":8},"end":{"line":40,"column":null}},"16":{"start":{"line":39,"column":12},"end":{"line":39,"column":null}},"17":{"start":{"line":41,"column":8},"end":{"line":41,"column":null}},"18":{"start":{"line":45,"column":25},"end":{"line":45,"column":70}},"19":{"start":{"line":46,"column":8},"end":{"line":48,"column":null}},"20":{"start":{"line":47,"column":12},"end":{"line":47,"column":null}},"21":{"start":{"line":50,"column":25},"end":{"line":50,"column":89}},"22":{"start":{"line":51,"column":8},"end":{"line":53,"column":null}},"23":{"start":{"line":52,"column":12},"end":{"line":52,"column":null}},"24":{"start":{"line":55,"column":42},"end":{"line":55,"column":94}},"25":{"start":{"line":56,"column":8},"end":{"line":58,"column":null}},"26":{"start":{"line":57,"column":12},"end":{"line":57,"column":null}},"27":{"start":{"line":59,"column":8},"end":{"line":59,"column":18}},"28":{"start":{"line":63,"column":34},"end":{"line":63,"column":79}},"29":{"start":{"line":64,"column":8},"end":{"line":66,"column":null}},"30":{"start":{"line":65,"column":12},"end":{"line":65,"column":null}},"31":{"start":{"line":68,"column":42},"end":{"line":68,"column":84}},"32":{"start":{"line":69,"column":8},"end":{"line":71,"column":null}},"33":{"start":{"line":70,"column":12},"end":{"line":70,"column":null}},"34":{"start":{"line":72,"column":8},"end":{"line":72,"column":null}},"35":{"start":{"line":9,"column":13},"end":{"line":76,"column":null}},"36":{"start":{"line":9,"column":13},"end":{"line":9,"column":28}}},"fnMap":{"0":{"name":"(anonymous_11)","decl":{"start":{"line":10,"column":4},"end":{"line":10,"column":null}},"loc":{"start":{"line":12,"column":53},"end":{"line":13,"column":8}}},"1":{"name":"(anonymous_12)","decl":{"start":{"line":15,"column":17},"end":{"line":15,"column":31}},"loc":{"start":{"line":15,"column":55},"end":{"line":30,"column":null}}},"2":{"name":"(anonymous_14)","decl":{"start":{"line":32,"column":10},"end":{"line":32,"column":17}},"loc":{"start":{"line":32,"column":17},"end":{"line":34,"column":null}}},"3":{"name":"(anonymous_16)","decl":{"start":{"line":36,"column":10},"end":{"line":36,"column":26}},"loc":{"start":{"line":36,"column":36},"end":{"line":42,"column":null}}},"4":{"name":"(anonymous_18)","decl":{"start":{"line":44,"column":17},"end":{"line":44,"column":31}},"loc":{"start":{"line":44,"column":65},"end":{"line":60,"column":null}}},"5":{"name":"(anonymous_20)","decl":{"start":{"line":62,"column":17},"end":{"line":62,"column":31}},"loc":{"start":{"line":62,"column":41},"end":{"line":73,"column":null}}}},"branchMap":{"0":{"loc":{"start":{"line":19,"column":8},"end":{"line":21,"column":null}},"type":"if","locations":[{"start":{"line":19,"column":8},"end":{"line":21,"column":null}}]},"1":{"loc":{"start":{"line":38,"column":8},"end":{"line":40,"column":null}},"type":"if","locations":[{"start":{"line":38,"column":8},"end":{"line":40,"column":null}}]},"2":{"loc":{"start":{"line":46,"column":8},"end":{"line":48,"column":null}},"type":"if","locations":[{"start":{"line":46,"column":8},"end":{"line":48,"column":null}}]},"3":{"loc":{"start":{"line":51,"column":8},"end":{"line":53,"column":null}},"type":"if","locations":[{"start":{"line":51,"column":8},"end":{"line":53,"column":null}}]},"4":{"loc":{"start":{"line":56,"column":8},"end":{"line":58,"column":null}},"type":"if","locations":[{"start":{"line":56,"column":8},"end":{"line":58,"column":null}}]},"5":{"loc":{"start":{"line":64,"column":8},"end":{"line":66,"column":null}},"type":"if","locations":[{"start":{"line":64,"column":8},"end":{"line":66,"column":null}}]},"6":{"loc":{"start":{"line":69,"column":8},"end":{"line":71,"column":null}},"type":"if","locations":[{"start":{"line":69,"column":8},"end":{"line":71,"column":null}}]}},"s":{"0":2,"1":2,"2":2,"3":2,"4":16,"5":2,"6":2,"7":1,"8":1,"9":1,"10":1,"11":0,"12":0,"13":1,"14":2,"15":2,"16":1,"17":1,"18":3,"19":3,"20":1,"21":2,"22":2,"23":1,"24":1,"25":1,"26":0,"27":1,"28":2,"29":2,"30":1,"31":1,"32":1,"33":0,"34":1,"35":2,"36":2},"f":{"0":16,"1":2,"2":1,"3":2,"4":3,"5":2},"b":{"0":[1],"1":[1],"2":[1],"3":[1],"4":[0],"5":[1],"6":[0]}}
,"/Users/sanghoopark/Desktop/project/CoupleDiary/src/Category/dto/CategoryDto.ts": {"path":"/Users/sanghoopark/Desktop/project/CoupleDiary/src/Category/dto/CategoryDto.ts","statementMap":{"0":{"start":{"line":1,"column":0},"end":{"line":1,"column":54}},"1":{"start":{"line":2,"column":0},"end":{"line":2,"column":39}},"2":{"start":{"line":11,"column":25},"end":{"line":11,"column":63}},"3":{"start":{"line":12,"column":8},"end":{"line":12,"column":24}},"4":{"start":{"line":8,"column":4},"end":{"line":8,"column":null}},"5":{"start":{"line":4,"column":0},"end":{"line":4,"column":13}}},"fnMap":{"0":{"name":"(anonymous_2)","decl":{"start":{"line":10,"column":11},"end":{"line":10,"column":19}},"loc":{"start":{"line":10,"column":41},"end":{"line":13,"column":5}}}},"branchMap":{"0":{"loc":{"start":{"line":10,"column":20},"end":{"line":10,"column":41}},"type":"default-arg","locations":[{"start":{"line":10,"column":31},"end":{"line":10,"column":41}}]}},"s":{"0":2,"1":2,"2":3,"3":3,"4":2,"5":2},"f":{"0":3},"b":{"0":[1]}}
,"/Users/sanghoopark/Desktop/project/CoupleDiary/src/Comment/Comment.ts": {"path":"/Users/sanghoopark/Desktop/project/CoupleDiary/src/Comment/Comment.ts","statementMap":{"0":{"start":{"line":1,"column":0},"end":{"line":1,"column":63}},"1":{"start":{"line":2,"column":0},"end":{"line":2,"column":58}},"2":{"start":{"line":3,"column":0},"end":{"line":3,"column":36}},"3":{"start":{"line":4,"column":0},"end":{"line":4,"column":39}},"4":{"start":{"line":6,"column":0},"end":{"line":6,"column":57}},"5":{"start":{"line":9,"column":20},"end":{"line":49,"column":null}},"6":{"start":{"line":38,"column":28},"end":{"line":38,"column":41}},"7":{"start":{"line":39,"column":12},"end":{"line":40,"column":38}},"8":{"start":{"line":41,"column":12},"end":{"line":41,"column":54}},"9":{"start":{"line":42,"column":12},"end":{"line":42,"column":38}},"10":{"start":{"line":43,"column":12},"end":{"line":43,"column":36}},"11":{"start":{"line":44,"column":12},"end":{"line":44,"column":36}},"12":{"start":{"line":45,"column":12},"end":{"line":45,"column":null}},"13":{"start":{"line":12,"column":4},"end":{"line":12,"column":null}},"14":{"start":{"line":15,"column":4},"end":{"line":15,"column":null}},"15":{"start":{"line":18,"column":4},"end":{"line":18,"column":null}},"16":{"start":{"line":21,"column":4},"end":{"line":21,"column":null}},"17":{"start":{"line":24,"column":4},"end":{"line":24,"column":null}},"18":{"start":{"line":23,"column":21},"end":{"line":23,"column":25}},"19":{"start":{"line":23,"column":37},"end":{"line":23,"column":48}},"20":{"start":{"line":27,"column":4},"end":{"line":27,"column":null}},"21":{"start":{"line":26,"column":21},"end":{"line":26,"column":26}},"22":{"start":{"line":26,"column":38},"end":{"line":26,"column":52}},"23":{"start":{"line":30,"column":4},"end":{"line":30,"column":null}},"24":{"start":{"line":29,"column":21},"end":{"line":29,"column":32}},"25":{"start":{"line":29,"column":52},"end":{"line":29,"column":72}},"26":{"start":{"line":9,"column":13},"end":{"line":49,"column":null}},"27":{"start":{"line":9,"column":13},"end":{"line":9,"column":20}}},"fnMap":{"0":{"name":"(anonymous_2)","decl":{"start":{"line":32,"column":4},"end":{"line":32,"column":10}},"loc":{"start":{"line":37,"column":42},"end":{"line":46,"column":5}}},"1":{"name":"(anonymous_3)","decl":{"start":{"line":23,"column":15},"end":{"line":23,"column":18}},"loc":{"start":{"line":23,"column":21},"end":{"line":23,"column":25}}},"2":{"name":"(anonymous_4)","decl":{"start":{"line":23,"column":27},"end":{"line":23,"column":28}},"loc":{"start":{"line":23,"column":37},"end":{"line":23,"column":48}}},"3":{"name":"(anonymous_5)","decl":{"start":{"line":26,"column":15},"end":{"line":26,"column":18}},"loc":{"start":{"line":26,"column":21},"end":{"line":26,"column":26}}},"4":{"name":"(anonymous_6)","decl":{"start":{"line":26,"column":27},"end":{"line":26,"column":28}},"loc":{"start":{"line":26,"column":38},"end":{"line":26,"column":52}}},"5":{"name":"(anonymous_7)","decl":{"start":{"line":29,"column":15},"end":{"line":29,"column":18}},"loc":{"start":{"line":29,"column":21},"end":{"line":29,"column":32}}},"6":{"name":"(anonymous_8)","decl":{"start":{"line":29,"column":34},"end":{"line":29,"column":35}},"loc":{"start":{"line":29,"column":52},"end":{"line":29,"column":72}}}},"branchMap":{"0":{"loc":{"start":{"line":37,"column":8},"end":{"line":37,"column":42}},"type":"default-arg","locations":[{"start":{"line":37,"column":38},"end":{"line":37,"column":42}}]}},"s":{"0":18,"1":18,"2":18,"3":18,"4":18,"5":18,"6":24,"7":24,"8":24,"9":24,"10":24,"11":24,"12":24,"13":18,"14":18,"15":18,"16":18,"17":18,"18":0,"19":0,"20":18,"21":0,"22":0,"23":18,"24":0,"25":0,"26":18,"27":18},"f":{"0":24,"1":0,"2":0,"3":0,"4":0,"5":0,"6":0},"b":{"0":[22]}}
,"/Users/sanghoopark/Desktop/project/CoupleDiary/src/Comment/CommentController.ts": {"path":"/Users/sanghoopark/Desktop/project/CoupleDiary/src/Comment/CommentController.ts","statementMap":{"0":{"start":{"line":1,"column":0},"end":{"line":1,"column":92}},"1":{"start":{"line":2,"column":0},"end":{"line":2,"column":41}},"2":{"start":{"line":3,"column":0},"end":{"line":3,"column":50}},"3":{"start":{"line":4,"column":0},"end":{"line":4,"column":58}},"4":{"start":{"line":6,"column":0},"end":{"line":6,"column":58}},"5":{"start":{"line":11,"column":0},"end":{"line":75,"column":null}},"6":{"start":{"line":14,"column":16},"end":{"line":14,"column":31}},"7":{"start":{"line":19,"column":8},"end":{"line":24,"column":null}},"8":{"start":{"line":20,"column":12},"end":{"line":20,"column":null}},"9":{"start":{"line":22,"column":12},"end":{"line":22,"column":null}},"10":{"start":{"line":23,"column":12},"end":{"line":23,"column":null}},"11":{"start":{"line":29,"column":8},"end":{"line":34,"column":null}},"12":{"start":{"line":30,"column":12},"end":{"line":30,"column":55}},"13":{"start":{"line":32,"column":12},"end":{"line":32,"column":null}},"14":{"start":{"line":33,"column":12},"end":{"line":33,"column":null}},"15":{"start":{"line":39,"column":8},"end":{"line":44,"column":null}},"16":{"start":{"line":40,"column":12},"end":{"line":40,"column":58}},"17":{"start":{"line":42,"column":12},"end":{"line":42,"column":null}},"18":{"start":{"line":43,"column":12},"end":{"line":43,"column":null}},"19":{"start":{"line":51,"column":12},"end":{"line":56,"column":null}},"20":{"start":{"line":52,"column":16},"end":{"line":52,"column":83}},"21":{"start":{"line":54,"column":16},"end":{"line":54,"column":null}},"22":{"start":{"line":55,"column":16},"end":{"line":55,"column":null}},"23":{"start":{"line":61,"column":8},"end":{"line":67,"column":null}},"24":{"start":{"line":62,"column":12},"end":{"line":62,"column":null}},"25":{"start":{"line":64,"column":12},"end":{"line":64,"column":null}},"26":{"start":{"line":65,"column":12},"end":{"line":65,"column":33}},"27":{"start":{"line":66,"column":12},"end":{"line":66,"column":33}},"28":{"start":{"line":18,"column":4},"end":{"line":25,"column":null}},"29":{"start":{"line":28,"column":4},"end":{"line":35,"column":null}},"30":{"start":{"line":38,"column":4},"end":{"line":45,"column":null}},"31":{"start":{"line":48,"column":4},"end":{"line":57,"column":null}},"32":{"start":{"line":60,"column":4},"end":{"line":68,"column":null}},"33":{"start":{"line":11,"column":13},"end":{"line":75,"column":null}},"34":{"start":{"line":11,"column":13},"end":{"line":11,"column":30}}},"fnMap":{"0":{"name":"(anonymous_11)","decl":{"start":{"line":12,"column":4},"end":{"line":12,"column":null}},"loc":{"start":{"line":14,"column":45},"end":{"line":15,"column":8}}},"1":{"name":"(anonymous_12)","decl":{"start":{"line":18,"column":17},"end":{"line":18,"column":30}},"loc":{"start":{"line":18,"column":72},"end":{"line":25,"column":null}}},"2":{"name":"(anonymous_14)","decl":{"start":{"line":28,"column":17},"end":{"line":28,"column":24}},"loc":{"start":{"line":28,"column":24},"end":{"line":35,"column":null}}},"3":{"name":"(anonymous_16)","decl":{"start":{"line":38,"column":17},"end":{"line":38,"column":25}},"loc":{"start":{"line":38,"column":48},"end":{"line":45,"column":null}}},"4":{"name":"(anonymous_18)","decl":{"start":{"line":48,"column":17},"end":{"line":48,"column":30}},"loc":{"start":{"line":50,"column":48},"end":{"line":57,"column":null}}},"5":{"name":"(anonymous_20)","decl":{"start":{"line":60,"column":17},"end":{"line":60,"column":30}},"loc":{"start":{"line":60,"column":54},"end":{"line":68,"column":null}}}},"branchMap":{},"s":{"0":1,"1":1,"2":1,"3":1,"4":1,"5":1,"6":10,"7":1,"8":1,"9":0,"10":0,"11":1,"12":1,"13":0,"14":0,"15":1,"16":1,"17":0,"18":0,"19":1,"20":1,"21":0,"22":0,"23":1,"24":1,"25":0,"26":0,"27":0,"28":1,"29":1,"30":1,"31":1,"32":1,"33":1,"34":1},"f":{"0":10,"1":1,"2":1,"3":1,"4":1,"5":1},"b":{}}
,"/Users/sanghoopark/Desktop/project/CoupleDiary/src/Comment/CommentRepository.ts": {"path":"/Users/sanghoopark/Desktop/project/CoupleDiary/src/Comment/CommentRepository.ts","statementMap":{"0":{"start":{"line":1,"column":0},"end":{"line":1,"column":37}},"1":{"start":{"line":2,"column":0},"end":{"line":2,"column":36}},"2":{"start":{"line":3,"column":0},"end":{"line":3,"column":47}},"3":{"start":{"line":4,"column":0},"end":{"line":4,"column":33}},"4":{"start":{"line":7,"column":0},"end":{"line":11,"column":null}},"5":{"start":{"line":9,"column":8},"end":{"line":9,"column":null}},"6":{"start":{"line":7,"column":13},"end":{"line":11,"column":null}},"7":{"start":{"line":7,"column":13},"end":{"line":7,"column":30}}},"fnMap":{"0":{"name":"(anonymous_2)","decl":{"start":{"line":8,"column":4},"end":{"line":8,"column":null}},"loc":{"start":{"line":8,"column":4},"end":{"line":10,"column":5}}}},"branchMap":{},"s":{"0":2,"1":2,"2":2,"3":2,"4":2,"5":0,"6":2,"7":2},"f":{"0":0},"b":{}}
,"/Users/sanghoopark/Desktop/project/CoupleDiary/src/Comment/CommentService.ts": {"path":"/Users/sanghoopark/Desktop/project/CoupleDiary/src/Comment/CommentService.ts","statementMap":{"0":{"start":{"line":1,"column":0},"end":{"line":1,"column":41}},"1":{"start":{"line":2,"column":0},"end":{"line":2,"column":56}},"2":{"start":{"line":5,"column":0},"end":{"line":5,"column":69}},"3":{"start":{"line":11,"column":0},"end":{"line":67,"column":null}},"4":{"start":{"line":14,"column":16},"end":{"line":14,"column":34}},"5":{"start":{"line":18,"column":24},"end":{"line":18,"column":51}},"6":{"start":{"line":20,"column":8},"end":{"line":26,"column":null}},"7":{"start":{"line":21,"column":27},"end":{"line":21,"column":69}},"8":{"start":{"line":22,"column":12},"end":{"line":22,"column":null}},"9":{"start":{"line":24,"column":12},"end":{"line":24,"column":51}},"10":{"start":{"line":25,"column":12},"end":{"line":25,"column":33}},"11":{"start":{"line":30,"column":24},"end":{"line":30,"column":68}},"12":{"start":{"line":31,"column":8},"end":{"line":33,"column":null}},"13":{"start":{"line":32,"column":12},"end":{"line":32,"column":null}},"14":{"start":{"line":34,"column":8},"end":{"line":34,"column":null}},"15":{"start":{"line":38,"column":8},"end":{"line":38,"column":51}},"16":{"start":{"line":42,"column":22},"end":{"line":42,"column":66}},"17":{"start":{"line":43,"column":8},"end":{"line":45,"column":null}},"18":{"start":{"line":44,"column":12},"end":{"line":44,"column":null}},"19":{"start":{"line":47,"column":29},"end":{"line":47,"column":113}},"20":{"start":{"line":48,"column":8},"end":{"line":50,"column":null}},"21":{"start":{"line":49,"column":12},"end":{"line":49,"column":null}},"22":{"start":{"line":51,"column":8},"end":{"line":51,"column":26}},"23":{"start":{"line":55,"column":32},"end":{"line":55,"column":76}},"24":{"start":{"line":56,"column":8},"end":{"line":58,"column":null}},"25":{"start":{"line":57,"column":12},"end":{"line":57,"column":null}},"26":{"start":{"line":60,"column":42},"end":{"line":60,"column":83}},"27":{"start":{"line":61,"column":8},"end":{"line":63,"column":null}},"28":{"start":{"line":62,"column":12},"end":{"line":62,"column":null}},"29":{"start":{"line":64,"column":8},"end":{"line":64,"column":null}},"30":{"start":{"line":11,"column":13},"end":{"line":67,"column":null}},"31":{"start":{"line":11,"column":13},"end":{"line":11,"column":27}}},"fnMap":{"0":{"name":"(anonymous_11)","decl":{"start":{"line":12,"column":4},"end":{"line":12,"column":null}},"loc":{"start":{"line":14,"column":51},"end":{"line":15,"column":8}}},"1":{"name":"(anonymous_12)","decl":{"start":{"line":17,"column":17},"end":{"line":17,"column":30}},"loc":{"start":{"line":17,"column":65},"end":{"line":27,"column":null}}},"2":{"name":"(anonymous_14)","decl":{"start":{"line":29,"column":17},"end":{"line":29,"column":25}},"loc":{"start":{"line":29,"column":36},"end":{"line":35,"column":null}}},"3":{"name":"(anonymous_16)","decl":{"start":{"line":37,"column":17},"end":{"line":37,"column":24}},"loc":{"start":{"line":37,"column":24},"end":{"line":39,"column":null}}},"4":{"name":"(anonymous_18)","decl":{"start":{"line":41,"column":17},"end":{"line":41,"column":30}},"loc":{"start":{"line":41,"column":74},"end":{"line":52,"column":null}}},"5":{"name":"(anonymous_20)","decl":{"start":{"line":54,"column":17},"end":{"line":54,"column":30}},"loc":{"start":{"line":54,"column":40},"end":{"line":65,"column":null}}}},"branchMap":{"0":{"loc":{"start":{"line":31,"column":8},"end":{"line":33,"column":null}},"type":"if","locations":[{"start":{"line":31,"column":8},"end":{"line":33,"column":null}}]},"1":{"loc":{"start":{"line":43,"column":8},"end":{"line":45,"column":null}},"type":"if","locations":[{"start":{"line":43,"column":8},"end":{"line":45,"column":null}}]},"2":{"loc":{"start":{"line":48,"column":8},"end":{"line":50,"column":null}},"type":"if","locations":[{"start":{"line":48,"column":8},"end":{"line":50,"column":null}}]},"3":{"loc":{"start":{"line":56,"column":8},"end":{"line":58,"column":null}},"type":"if","locations":[{"start":{"line":56,"column":8},"end":{"line":58,"column":null}}]},"4":{"loc":{"start":{"line":61,"column":8},"end":{"line":63,"column":null}},"type":"if","locations":[{"start":{"line":61,"column":8},"end":{"line":63,"column":null}}]}},"s":{"0":2,"1":2,"2":2,"3":2,"4":18,"5":1,"6":1,"7":1,"8":1,"9":0,"10":0,"11":2,"12":2,"13":1,"14":1,"15":1,"16":3,"17":3,"18":1,"19":2,"20":2,"21":1,"22":1,"23":2,"24":2,"25":1,"26":1,"27":1,"28":0,"29":1,"30":2,"31":2},"f":{"0":18,"1":1,"2":2,"3":1,"4":3,"5":2},"b":{"0":[1],"1":[1],"2":[1],"3":[1],"4":[0]}}
,"/Users/sanghoopark/Desktop/project/CoupleDiary/src/Comment/dto/createCommentDto.ts": {"path":"/Users/sanghoopark/Desktop/project/CoupleDiary/src/Comment/dto/createCommentDto.ts","statementMap":{"0":{"start":{"line":1,"column":0},"end":{"line":1,"column":61}},"1":{"start":{"line":2,"column":0},"end":{"line":2,"column":91}},"2":{"start":{"line":3,"column":0},"end":{"line":3,"column":37}},"3":{"start":{"line":23,"column":8},"end":{"line":28,"column":null}},"4":{"start":{"line":9,"column":4},"end":{"line":9,"column":null}},"5":{"start":{"line":13,"column":4},"end":{"line":13,"column":null}},"6":{"start":{"line":16,"column":4},"end":{"line":16,"column":null}},"7":{"start":{"line":20,"column":4},"end":{"line":20,"column":null}},"8":{"start":{"line":5,"column":0},"end":{"line":5,"column":13}}},"fnMap":{"0":{"name":"(anonymous_2)","decl":{"start":{"line":22,"column":11},"end":{"line":22,"column":19}},"loc":{"start":{"line":22,"column":41},"end":{"line":29,"column":5}}}},"branchMap":{"0":{"loc":{"start":{"line":22,"column":20},"end":{"line":22,"column":41}},"type":"default-arg","locations":[{"start":{"line":22,"column":31},"end":{"line":22,"column":41}}]}},"s":{"0":2,"1":2,"2":2,"3":4,"4":2,"5":2,"6":2,"7":2,"8":2},"f":{"0":4},"b":{"0":[2]}}
,"/Users/sanghoopark/Desktop/project/CoupleDiary/src/Comment/dto/updateCommentDto.ts": {"path":"/Users/sanghoopark/Desktop/project/CoupleDiary/src/Comment/dto/updateCommentDto.ts","statementMap":{"0":{"start":{"line":1,"column":0},"end":{"line":1,"column":61}},"1":{"start":{"line":2,"column":0},"end":{"line":2,"column":91}},"2":{"start":{"line":13,"column":34},"end":{"line":16,"column":null}},"3":{"start":{"line":17,"column":8},"end":{"line":17,"column":null}},"4":{"start":{"line":10,"column":4},"end":{"line":10,"column":null}},"5":{"start":{"line":5,"column":0},"end":{"line":5,"column":13}}},"fnMap":{"0":{"name":"(anonymous_2)","decl":{"start":{"line":12,"column":11},"end":{"line":12,"column":28}},"loc":{"start":{"line":12,"column":50},"end":{"line":18,"column":5}}}},"branchMap":{"0":{"loc":{"start":{"line":12,"column":29},"end":{"line":12,"column":50}},"type":"default-arg","locations":[{"start":{"line":12,"column":40},"end":{"line":12,"column":50}}]}},"s":{"0":2,"1":2,"2":7,"3":7,"4":2,"5":2},"f":{"0":7},"b":{"0":[0]}}
,"/Users/sanghoopark/Desktop/project/CoupleDiary/src/CommentLike/CommenLikeService.ts": {"path":"/Users/sanghoopark/Desktop/project/CoupleDiary/src/CommentLike/CommenLikeService.ts","statementMap":{"0":{"start":{"line":1,"column":0},"end":{"line":1,"column":41}},"1":{"start":{"line":2,"column":0},"end":{"line":2,"column":64}},"2":{"start":{"line":5,"column":0},"end":{"line":5,"column":69}},"3":{"start":{"line":10,"column":0},"end":{"line":53,"column":null}},"4":{"start":{"line":13,"column":16},"end":{"line":13,"column":38}},"5":{"start":{"line":17,"column":28},"end":{"line":17,"column":59}},"6":{"start":{"line":19,"column":8},"end":{"line":25,"column":null}},"7":{"start":{"line":20,"column":27},"end":{"line":20,"column":77}},"8":{"start":{"line":21,"column":12},"end":{"line":21,"column":null}},"9":{"start":{"line":23,"column":12},"end":{"line":23,"column":51}},"10":{"start":{"line":24,"column":12},"end":{"line":24,"column":33}},"11":{"start":{"line":29,"column":28},"end":{"line":29,"column":76}},"12":{"start":{"line":30,"column":8},"end":{"line":32,"column":null}},"13":{"start":{"line":31,"column":12},"end":{"line":31,"column":null}},"14":{"start":{"line":33,"column":8},"end":{"line":33,"column":null}},"15":{"start":{"line":37,"column":8},"end":{"line":37,"column":55}},"16":{"start":{"line":41,"column":40},"end":{"line":41,"column":88}},"17":{"start":{"line":42,"column":8},"end":{"line":44,"column":null}},"18":{"start":{"line":43,"column":12},"end":{"line":43,"column":null}},"19":{"start":{"line":46,"column":42},"end":{"line":46,"column":87}},"20":{"start":{"line":47,"column":8},"end":{"line":49,"column":null}},"21":{"start":{"line":48,"column":12},"end":{"line":48,"column":null}},"22":{"start":{"line":50,"column":8},"end":{"line":50,"column":null}},"23":{"start":{"line":10,"column":13},"end":{"line":53,"column":null}},"24":{"start":{"line":10,"column":13},"end":{"line":10,"column":31}}},"fnMap":{"0":{"name":"(anonymous_11)","decl":{"start":{"line":11,"column":4},"end":{"line":11,"column":null}},"loc":{"start":{"line":13,"column":59},"end":{"line":14,"column":8}}},"1":{"name":"(anonymous_12)","decl":{"start":{"line":16,"column":17},"end":{"line":16,"column":34}},"loc":{"start":{"line":16,"column":77},"end":{"line":26,"column":null}}},"2":{"name":"(anonymous_14)","decl":{"start":{"line":28,"column":17},"end":{"line":28,"column":25}},"loc":{"start":{"line":28,"column":36},"end":{"line":34,"column":null}}},"3":{"name":"(anonymous_16)","decl":{"start":{"line":36,"column":17},"end":{"line":36,"column":24}},"loc":{"start":{"line":36,"column":24},"end":{"line":38,"column":null}}},"4":{"name":"(anonymous_18)","decl":{"start":{"line":40,"column":17},"end":{"line":40,"column":34}},"loc":{"start":{"line":40,"column":44},"end":{"line":51,"column":null}}}},"branchMap":{"0":{"loc":{"start":{"line":30,"column":8},"end":{"line":32,"column":null}},"type":"if","locations":[{"start":{"line":30,"column":8},"end":{"line":32,"column":null}}]},"1":{"loc":{"start":{"line":42,"column":8},"end":{"line":44,"column":null}},"type":"if","locations":[{"start":{"line":42,"column":8},"end":{"line":44,"column":null}}]},"2":{"loc":{"start":{"line":47,"column":8},"end":{"line":49,"column":null}},"type":"if","locations":[{"start":{"line":47,"column":8},"end":{"line":49,"column":null}}]}},"s":{"0":2,"1":2,"2":2,"3":2,"4":12,"5":1,"6":1,"7":1,"8":1,"9":0,"10":0,"11":2,"12":2,"13":1,"14":1,"15":1,"16":2,"17":2,"18":1,"19":1,"20":1,"21":0,"22":1,"23":2,"24":2},"f":{"0":12,"1":1,"2":2,"3":1,"4":2},"b":{"0":[1],"1":[1],"2":[0]}}
,"/Users/sanghoopark/Desktop/project/CoupleDiary/src/CommentLike/CommentLike.ts": {"path":"/Users/sanghoopark/Desktop/project/CoupleDiary/src/CommentLike/CommentLike.ts","statementMap":{"0":{"start":{"line":1,"column":0},"end":{"line":1,"column":52}},"1":{"start":{"line":2,"column":0},"end":{"line":2,"column":58}},"2":{"start":{"line":3,"column":0},"end":{"line":3,"column":36}},"3":{"start":{"line":4,"column":0},"end":{"line":4,"column":45}},"4":{"start":{"line":7,"column":24},"end":{"line":34,"column":null}},"5":{"start":{"line":25,"column":32},"end":{"line":25,"column":49}},"6":{"start":{"line":26,"column":12},"end":{"line":27,"column":46}},"7":{"start":{"line":28,"column":12},"end":{"line":28,"column":40}},"8":{"start":{"line":29,"column":12},"end":{"line":29,"column":40}},"9":{"start":{"line":30,"column":12},"end":{"line":30,"column":null}},"10":{"start":{"line":10,"column":4},"end":{"line":10,"column":null}},"11":{"start":{"line":13,"column":4},"end":{"line":13,"column":null}},"12":{"start":{"line":16,"column":4},"end":{"line":16,"column":null}},"13":{"start":{"line":15,"column":21},"end":{"line":15,"column":25}},"14":{"start":{"line":15,"column":37},"end":{"line":15,"column":54}},"15":{"start":{"line":19,"column":4},"end":{"line":19,"column":null}},"16":{"start":{"line":18,"column":21},"end":{"line":18,"column":28}},"17":{"start":{"line":18,"column":42},"end":{"line":18,"column":62}},"18":{"start":{"line":7,"column":13},"end":{"line":34,"column":null}},"19":{"start":{"line":7,"column":13},"end":{"line":7,"column":24}}},"fnMap":{"0":{"name":"(anonymous_2)","decl":{"start":{"line":21,"column":4},"end":{"line":21,"column":10}},"loc":{"start":{"line":24,"column":16},"end":{"line":31,"column":5}}},"1":{"name":"(anonymous_3)","decl":{"start":{"line":15,"column":15},"end":{"line":15,"column":18}},"loc":{"start":{"line":15,"column":21},"end":{"line":15,"column":25}}},"2":{"name":"(anonymous_4)","decl":{"start":{"line":15,"column":27},"end":{"line":15,"column":28}},"loc":{"start":{"line":15,"column":37},"end":{"line":15,"column":54}}},"3":{"name":"(anonymous_5)","decl":{"start":{"line":18,"column":15},"end":{"line":18,"column":18}},"loc":{"start":{"line":18,"column":21},"end":{"line":18,"column":28}}},"4":{"name":"(anonymous_6)","decl":{"start":{"line":18,"column":29},"end":{"line":18,"column":30}},"loc":{"start":{"line":18,"column":42},"end":{"line":18,"column":62}}}},"branchMap":{},"s":{"0":18,"1":18,"2":18,"3":18,"4":18,"5":16,"6":16,"7":16,"8":16,"9":16,"10":18,"11":18,"12":18,"13":0,"14":0,"15":18,"16":0,"17":0,"18":18,"19":18},"f":{"0":16,"1":0,"2":0,"3":0,"4":0},"b":{}}
,"/Users/sanghoopark/Desktop/project/CoupleDiary/src/CommentLike/CommentLikeController.ts": {"path":"/Users/sanghoopark/Desktop/project/CoupleDiary/src/CommentLike/CommentLikeController.ts","statementMap":{"0":{"start":{"line":1,"column":0},"end":{"line":1,"column":85}},"1":{"start":{"line":2,"column":0},"end":{"line":2,"column":32}},"2":{"start":{"line":3,"column":0},"end":{"line":3,"column":57}},"3":{"start":{"line":4,"column":0},"end":{"line":4,"column":66}},"4":{"start":{"line":8,"column":0},"end":{"line":56,"column":null}},"5":{"start":{"line":11,"column":16},"end":{"line":11,"column":35}},"6":{"start":{"line":16,"column":8},"end":{"line":21,"column":null}},"7":{"start":{"line":17,"column":12},"end":{"line":17,"column":null}},"8":{"start":{"line":19,"column":12},"end":{"line":19,"column":null}},"9":{"start":{"line":20,"column":12},"end":{"line":20,"column":null}},"10":{"start":{"line":26,"column":8},"end":{"line":31,"column":null}},"11":{"start":{"line":27,"column":12},"end":{"line":27,"column":59}},"12":{"start":{"line":29,"column":12},"end":{"line":29,"column":null}},"13":{"start":{"line":30,"column":12},"end":{"line":30,"column":null}},"14":{"start":{"line":36,"column":8},"end":{"line":41,"column":null}},"15":{"start":{"line":37,"column":12},"end":{"line":37,"column":62}},"16":{"start":{"line":39,"column":12},"end":{"line":39,"column":null}},"17":{"start":{"line":40,"column":12},"end":{"line":40,"column":null}},"18":{"start":{"line":46,"column":8},"end":{"line":52,"column":null}},"19":{"start":{"line":47,"column":12},"end":{"line":47,"column":null}},"20":{"start":{"line":49,"column":12},"end":{"line":49,"column":null}},"21":{"start":{"line":50,"column":12},"end":{"line":50,"column":33}},"22":{"start":{"line":51,"column":12},"end":{"line":51,"column":33}},"23":{"start":{"line":15,"column":4},"end":{"line":22,"column":null}},"24":{"start":{"line":25,"column":4},"end":{"line":32,"column":null}},"25":{"start":{"line":35,"column":4},"end":{"line":42,"column":null}},"26":{"start":{"line":45,"column":4},"end":{"line":53,"column":null}},"27":{"start":{"line":8,"column":13},"end":{"line":56,"column":null}},"28":{"start":{"line":8,"column":13},"end":{"line":8,"column":34}}},"fnMap":{"0":{"name":"(anonymous_11)","decl":{"start":{"line":9,"column":4},"end":{"line":9,"column":null}},"loc":{"start":{"line":11,"column":53},"end":{"line":12,"column":8}}},"1":{"name":"(anonymous_12)","decl":{"start":{"line":15,"column":17},"end":{"line":15,"column":34}},"loc":{"start":{"line":15,"column":84},"end":{"line":22,"column":null}}},"2":{"name":"(anonymous_14)","decl":{"start":{"line":25,"column":17},"end":{"line":25,"column":24}},"loc":{"start":{"line":25,"column":24},"end":{"line":32,"column":null}}},"3":{"name":"(anonymous_16)","decl":{"start":{"line":35,"column":17},"end":{"line":35,"column":25}},"loc":{"start":{"line":35,"column":48},"end":{"line":42,"column":null}}},"4":{"name":"(anonymous_18)","decl":{"start":{"line":45,"column":17},"end":{"line":45,"column":34}},"loc":{"start":{"line":45,"column":58},"end":{"line":53,"column":null}}}},"branchMap":{},"s":{"0":1,"1":1,"2":1,"3":1,"4":1,"5":9,"6":1,"7":1,"8":0,"9":0,"10":1,"11":1,"12":0,"13":0,"14":1,"15":1,"16":0,"17":0,"18":1,"19":1,"20":0,"21":0,"22":0,"23":1,"24":1,"25":1,"26":1,"27":1,"28":1},"f":{"0":9,"1":1,"2":1,"3":1,"4":1},"b":{}}
,"/Users/sanghoopark/Desktop/project/CoupleDiary/src/CommentLike/CommentLikeRepository.ts": {"path":"/Users/sanghoopark/Desktop/project/CoupleDiary/src/CommentLike/CommentLikeRepository.ts","statementMap":{"0":{"start":{"line":1,"column":0},"end":{"line":1,"column":37}},"1":{"start":{"line":2,"column":0},"end":{"line":2,"column":44}},"2":{"start":{"line":3,"column":0},"end":{"line":3,"column":47}},"3":{"start":{"line":4,"column":0},"end":{"line":4,"column":33}},"4":{"start":{"line":7,"column":0},"end":{"line":11,"column":null}},"5":{"start":{"line":9,"column":8},"end":{"line":9,"column":null}},"6":{"start":{"line":7,"column":13},"end":{"line":11,"column":null}},"7":{"start":{"line":7,"column":13},"end":{"line":7,"column":34}}},"fnMap":{"0":{"name":"(anonymous_2)","decl":{"start":{"line":8,"column":4},"end":{"line":8,"column":null}},"loc":{"start":{"line":8,"column":4},"end":{"line":10,"column":5}}}},"branchMap":{},"s":{"0":2,"1":2,"2":2,"3":2,"4":2,"5":0,"6":2,"7":2},"f":{"0":0},"b":{}}
,"/Users/sanghoopark/Desktop/project/CoupleDiary/src/CommentLike/dto/createCommentLikeDto.ts": {"path":"/Users/sanghoopark/Desktop/project/CoupleDiary/src/CommentLike/dto/createCommentLikeDto.ts","statementMap":{"0":{"start":{"line":1,"column":0},"end":{"line":1,"column":75}},"1":{"start":{"line":2,"column":0},"end":{"line":2,"column":61}},"2":{"start":{"line":3,"column":0},"end":{"line":3,"column":45}},"3":{"start":{"line":16,"column":8},"end":{"line":19,"column":null}},"4":{"start":{"line":9,"column":4},"end":{"line":9,"column":null}},"5":{"start":{"line":13,"column":4},"end":{"line":13,"column":null}},"6":{"start":{"line":5,"column":0},"end":{"line":5,"column":13}}},"fnMap":{"0":{"name":"(anonymous_2)","decl":{"start":{"line":15,"column":11},"end":{"line":15,"column":19}},"loc":{"start":{"line":15,"column":41},"end":{"line":20,"column":5}}}},"branchMap":{"0":{"loc":{"start":{"line":15,"column":20},"end":{"line":15,"column":41}},"type":"default-arg","locations":[{"start":{"line":15,"column":31},"end":{"line":15,"column":41}}]}},"s":{"0":2,"1":2,"2":2,"3":3,"4":2,"5":2,"6":2},"f":{"0":3},"b":{"0":[2]}}
,"/Users/sanghoopark/Desktop/project/CoupleDiary/src/User/User.ts": {"path":"/Users/sanghoopark/Desktop/project/CoupleDiary/src/User/User.ts","statementMap":{"0":{"start":{"line":1,"column":0},"end":{"line":1,"column":83}},"1":{"start":{"line":2,"column":0},"end":{"line":2,"column":58}},"2":{"start":{"line":4,"column":0},"end":{"line":4,"column":39}},"3":{"start":{"line":5,"column":0},"end":{"line":5,"column":51}},"4":{"start":{"line":6,"column":0},"end":{"line":6,"column":57}},"5":{"start":{"line":11,"column":17},"end":{"line":62,"column":null}},"6":{"start":{"line":44,"column":25},"end":{"line":44,"column":35}},"7":{"start":{"line":45,"column":12},"end":{"line":45,"column":29}},"8":{"start":{"line":46,"column":12},"end":{"line":46,"column":37}},"9":{"start":{"line":47,"column":12},"end":{"line":47,"column":37}},"10":{"start":{"line":48,"column":12},"end":{"line":48,"column":39}},"11":{"start":{"line":49,"column":12},"end":{"line":49,"column":39}},"12":{"start":{"line":50,"column":12},"end":{"line":50,"column":null}},"13":{"start":{"line":51,"column":12},"end":{"line":51,"column":null}},"14":{"start":{"line":55,"column":8},"end":{"line":55,"column":32}},"15":{"start":{"line":59,"column":8},"end":{"line":59,"column":33}},"16":{"start":{"line":14,"column":4},"end":{"line":14,"column":null}},"17":{"start":{"line":17,"column":4},"end":{"line":17,"column":null}},"18":{"start":{"line":20,"column":4},"end":{"line":20,"column":null}},"19":{"start":{"line":23,"column":4},"end":{"line":23,"column":null}},"20":{"start":{"line":26,"column":4},"end":{"line":26,"column":null}},"21":{"start":{"line":25,"column":21},"end":{"line":25,"column":26}},"22":{"start":{"line":25,"column":40},"end":{"line":25,"column":51}},"23":{"start":{"line":29,"column":4},"end":{"line":29,"column":null}},"24":{"start":{"line":28,"column":21},"end":{"line":28,"column":30}},"25":{"start":{"line":28,"column":48},"end":{"line":28,"column":63}},"26":{"start":{"line":32,"column":4},"end":{"line":32,"column":null}},"27":{"start":{"line":31,"column":21},"end":{"line":31,"column":32}},"28":{"start":{"line":31,"column":52},"end":{"line":31,"column":69}},"29":{"start":{"line":11,"column":13},"end":{"line":62,"column":null}},"30":{"start":{"line":11,"column":13},"end":{"line":11,"column":17}}},"fnMap":{"0":{"name":"(anonymous_2)","decl":{"start":{"line":38,"column":4},"end":{"line":38,"column":10}},"loc":{"start":{"line":43,"column":22},"end":{"line":52,"column":5}}},"1":{"name":"(anonymous_3)","decl":{"start":{"line":54,"column":4},"end":{"line":54,"column":12}},"loc":{"start":{"line":54,"column":12},"end":{"line":56,"column":5}}},"2":{"name":"(anonymous_4)","decl":{"start":{"line":58,"column":4},"end":{"line":58,"column":14}},"loc":{"start":{"line":58,"column":14},"end":{"line":60,"column":5}}},"3":{"name":"(anonymous_5)","decl":{"start":{"line":25,"column":15},"end":{"line":25,"column":18}},"loc":{"start":{"line":25,"column":21},"end":{"line":25,"column":26}}},"4":{"name":"(anonymous_6)","decl":{"start":{"line":25,"column":28},"end":{"line":25,"column":29}},"loc":{"start":{"line":25,"column":40},"end":{"line":25,"column":51}}},"5":{"name":"(anonymous_7)","decl":{"start":{"line":28,"column":15},"end":{"line":28,"column":18}},"loc":{"start":{"line":28,"column":21},"end":{"line":28,"column":30}}},"6":{"name":"(anonymous_8)","decl":{"start":{"line":28,"column":32},"end":{"line":28,"column":33}},"loc":{"start":{"line":28,"column":48},"end":{"line":28,"column":63}}},"7":{"name":"(anonymous_9)","decl":{"start":{"line":31,"column":15},"end":{"line":31,"column":18}},"loc":{"start":{"line":31,"column":21},"end":{"line":31,"column":32}}},"8":{"name":"(anonymous_10)","decl":{"start":{"line":31,"column":34},"end":{"line":31,"column":35}},"loc":{"start":{"line":31,"column":52},"end":{"line":31,"column":69}}}},"branchMap":{},"s":{"0":18,"1":18,"2":18,"3":18,"4":18,"5":18,"6":27,"7":27,"8":27,"9":27,"10":27,"11":27,"12":27,"13":27,"14":1,"15":4,"16":18,"17":18,"18":18,"19":18,"20":18,"21":0,"22":0,"23":18,"24":0,"25":0,"26":18,"27":0,"28":0,"29":18,"30":18},"f":{"0":27,"1":1,"2":4,"3":0,"4":0,"5":0,"6":0,"7":0,"8":0},"b":{}}
,"/Users/sanghoopark/Desktop/project/CoupleDiary/src/User/UserController.ts": {"path":"/Users/sanghoopark/Desktop/project/CoupleDiary/src/User/UserController.ts","statementMap":{"0":{"start":{"line":1,"column":0},"end":{"line":1,"column":41}},"1":{"start":{"line":2,"column":0},"end":{"line":2,"column":44}},"2":{"start":{"line":3,"column":0},"end":{"line":3,"column":119}},"3":{"start":{"line":4,"column":0},"end":{"line":4,"column":52}},"4":{"start":{"line":5,"column":0},"end":{"line":5,"column":52}},"5":{"start":{"line":11,"column":0},"end":{"line":69,"column":null}},"6":{"start":{"line":14,"column":16},"end":{"line":14,"column":28}},"7":{"start":{"line":19,"column":8},"end":{"line":24,"column":null}},"8":{"start":{"line":20,"column":12},"end":{"line":20,"column":68}},"9":{"start":{"line":22,"column":12},"end":{"line":22,"column":33}},"10":{"start":{"line":23,"column":12},"end":{"line":23,"column":33}},"11":{"start":{"line":30,"column":8},"end":{"line":35,"column":null}},"12":{"start":{"line":31,"column":12},"end":{"line":31,"column":52}},"13":{"start":{"line":33,"column":12},"end":{"line":33,"column":33}},"14":{"start":{"line":34,"column":12},"end":{"line":34,"column":33}},"15":{"start":{"line":40,"column":8},"end":{"line":45,"column":null}},"16":{"start":{"line":41,"column":12},"end":{"line":41,"column":59}},"17":{"start":{"line":43,"column":12},"end":{"line":43,"column":33}},"18":{"start":{"line":44,"column":12},"end":{"line":44,"column":33}},"19":{"start":{"line":52,"column":8},"end":{"line":57,"column":null}},"20":{"start":{"line":53,"column":12},"end":{"line":53,"column":71}},"21":{"start":{"line":55,"column":12},"end":{"line":55,"column":33}},"22":{"start":{"line":56,"column":12},"end":{"line":56,"column":33}},"23":{"start":{"line":62,"column":8},"end":{"line":67,"column":null}},"24":{"start":{"line":63,"column":12},"end":{"line":63,"column":null}},"25":{"start":{"line":65,"column":12},"end":{"line":65,"column":33}},"26":{"start":{"line":66,"column":12},"end":{"line":66,"column":33}},"27":{"start":{"line":18,"column":4},"end":{"line":26,"column":null}},"28":{"start":{"line":29,"column":4},"end":{"line":36,"column":null}},"29":{"start":{"line":39,"column":4},"end":{"line":46,"column":null}},"30":{"start":{"line":49,"column":4},"end":{"line":58,"column":null}},"31":{"start":{"line":61,"column":4},"end":{"line":68,"column":null}},"32":{"start":{"line":11,"column":13},"end":{"line":69,"column":null}},"33":{"start":{"line":11,"column":13},"end":{"line":11,"column":27}}},"fnMap":{"0":{"name":"(anonymous_11)","decl":{"start":{"line":12,"column":4},"end":{"line":12,"column":null}},"loc":{"start":{"line":14,"column":39},"end":{"line":15,"column":8}}},"1":{"name":"(anonymous_12)","decl":{"start":{"line":18,"column":17},"end":{"line":18,"column":27}},"loc":{"start":{"line":18,"column":63},"end":{"line":26,"column":null}}},"2":{"name":"(anonymous_14)","decl":{"start":{"line":29,"column":17},"end":{"line":29,"column":28}},"loc":{"start":{"line":29,"column":28},"end":{"line":36,"column":null}}},"3":{"name":"(anonymous_16)","decl":{"start":{"line":39,"column":17},"end":{"line":39,"column":29}},"loc":{"start":{"line":39,"column":53},"end":{"line":46,"column":null}}},"4":{"name":"(anonymous_18)","decl":{"start":{"line":49,"column":17},"end":{"line":49,"column":27}},"loc":{"start":{"line":51,"column":43},"end":{"line":58,"column":null}}},"5":{"name":"(anonymous_20)","decl":{"start":{"line":61,"column":17},"end":{"line":61,"column":27}},"loc":{"start":{"line":61,"column":51},"end":{"line":68,"column":null}}}},"branchMap":{},"s":{"0":1,"1":1,"2":1,"3":1,"4":1,"5":1,"6":12,"7":1,"8":1,"9":0,"10":0,"11":1,"12":1,"13":0,"14":0,"15":1,"16":1,"17":0,"18":0,"19":1,"20":1,"21":0,"22":0,"23":1,"24":1,"25":0,"26":0,"27":1,"28":1,"29":1,"30":1,"31":1,"32":1,"33":1},"f":{"0":12,"1":1,"2":1,"3":1,"4":1,"5":1},"b":{}}
,"/Users/sanghoopark/Desktop/project/CoupleDiary/src/User/UserRepository.ts": {"path":"/Users/sanghoopark/Desktop/project/CoupleDiary/src/User/UserRepository.ts","statementMap":{"0":{"start":{"line":1,"column":0},"end":{"line":1,"column":33}},"1":{"start":{"line":2,"column":0},"end":{"line":2,"column":47}},"2":{"start":{"line":3,"column":0},"end":{"line":3,"column":30}},"3":{"start":{"line":4,"column":0},"end":{"line":4,"column":37}},"4":{"start":{"line":7,"column":0},"end":{"line":11,"column":null}},"5":{"start":{"line":9,"column":8},"end":{"line":9,"column":56}},"6":{"start":{"line":7,"column":13},"end":{"line":11,"column":null}},"7":{"start":{"line":7,"column":13},"end":{"line":7,"column":27}}},"fnMap":{"0":{"name":"(anonymous_2)","decl":{"start":{"line":8,"column":4},"end":{"line":8,"column":null}},"loc":{"start":{"line":8,"column":4},"end":{"line":10,"column":5}}}},"branchMap":{},"s":{"0":2,"1":2,"2":2,"3":2,"4":2,"5":0,"6":2,"7":2},"f":{"0":0},"b":{}}
,"/Users/sanghoopark/Desktop/project/CoupleDiary/src/User/UserService.ts": {"path":"/Users/sanghoopark/Desktop/project/CoupleDiary/src/User/UserService.ts","statementMap":{"0":{"start":{"line":1,"column":0},"end":{"line":1,"column":41}},"1":{"start":{"line":4,"column":0},"end":{"line":4,"column":69}},"2":{"start":{"line":5,"column":0},"end":{"line":5,"column":50}},"3":{"start":{"line":9,"column":0},"end":{"line":80,"column":null}},"4":{"start":{"line":12,"column":16},"end":{"line":12,"column":31}},"5":{"start":{"line":16,"column":21},"end":{"line":16,"column":45}},"6":{"start":{"line":18,"column":8},"end":{"line":20,"column":null}},"7":{"start":{"line":19,"column":12},"end":{"line":19,"column":null}},"8":{"start":{"line":21,"column":8},"end":{"line":23,"column":null}},"9":{"start":{"line":22,"column":12},"end":{"line":22,"column":null}},"10":{"start":{"line":25,"column":8},"end":{"line":31,"column":null}},"11":{"start":{"line":26,"column":27},"end":{"line":26,"column":63}},"12":{"start":{"line":27,"column":12},"end":{"line":27,"column":null}},"13":{"start":{"line":29,"column":12},"end":{"line":29,"column":51}},"14":{"start":{"line":30,"column":12},"end":{"line":30,"column":33}},"15":{"start":{"line":36,"column":21},"end":{"line":36,"column":62}},"16":{"start":{"line":37,"column":8},"end":{"line":39,"column":null}},"17":{"start":{"line":38,"column":12},"end":{"line":38,"column":null}},"18":{"start":{"line":40,"column":8},"end":{"line":40,"column":null}},"19":{"start":{"line":44,"column":8},"end":{"line":44,"column":48}},"20":{"start":{"line":48,"column":19},"end":{"line":48,"column":60}},"21":{"start":{"line":49,"column":8},"end":{"line":51,"column":null}},"22":{"start":{"line":50,"column":12},"end":{"line":50,"column":null}},"23":{"start":{"line":53,"column":8},"end":{"line":58,"column":null}},"24":{"start":{"line":54,"column":31},"end":{"line":54,"column":101}},"25":{"start":{"line":55,"column":12},"end":{"line":57,"column":null}},"26":{"start":{"line":56,"column":16},"end":{"line":56,"column":null}},"27":{"start":{"line":60,"column":29},"end":{"line":60,"column":103}},"28":{"start":{"line":61,"column":8},"end":{"line":63,"column":null}},"29":{"start":{"line":62,"column":12},"end":{"line":62,"column":null}},"30":{"start":{"line":64,"column":8},"end":{"line":64,"column":23}},"31":{"start":{"line":69,"column":19},"end":{"line":69,"column":60}},"32":{"start":{"line":70,"column":8},"end":{"line":72,"column":null}},"33":{"start":{"line":71,"column":12},"end":{"line":71,"column":null}},"34":{"start":{"line":74,"column":8},"end":{"line":74,"column":null}},"35":{"start":{"line":75,"column":32},"end":{"line":75,"column":68}},"36":{"start":{"line":76,"column":8},"end":{"line":76,"column":31}},"37":{"start":{"line":9,"column":13},"end":{"line":80,"column":null}},"38":{"start":{"line":9,"column":13},"end":{"line":9,"column":24}}},"fnMap":{"0":{"name":"(anonymous_11)","decl":{"start":{"line":10,"column":4},"end":{"line":10,"column":null}},"loc":{"start":{"line":12,"column":45},"end":{"line":13,"column":8}}},"1":{"name":"(anonymous_12)","decl":{"start":{"line":15,"column":17},"end":{"line":15,"column":27}},"loc":{"start":{"line":15,"column":56},"end":{"line":33,"column":null}}},"2":{"name":"(anonymous_14)","decl":{"start":{"line":35,"column":17},"end":{"line":35,"column":29}},"loc":{"start":{"line":35,"column":40},"end":{"line":41,"column":null}}},"3":{"name":"(anonymous_16)","decl":{"start":{"line":43,"column":17},"end":{"line":43,"column":24}},"loc":{"start":{"line":43,"column":24},"end":{"line":45,"column":null}}},"4":{"name":"(anonymous_18)","decl":{"start":{"line":47,"column":17},"end":{"line":47,"column":27}},"loc":{"start":{"line":47,"column":65},"end":{"line":66,"column":null}}},"5":{"name":"(anonymous_20)","decl":{"start":{"line":68,"column":17},"end":{"line":68,"column":27}},"loc":{"start":{"line":68,"column":37},"end":{"line":77,"column":null}}}},"branchMap":{"0":{"loc":{"start":{"line":18,"column":8},"end":{"line":20,"column":null}},"type":"if","locations":[{"start":{"line":18,"column":8},"end":{"line":20,"column":null}}]},"1":{"loc":{"start":{"line":21,"column":8},"end":{"line":23,"column":null}},"type":"if","locations":[{"start":{"line":21,"column":8},"end":{"line":23,"column":null}}]},"2":{"loc":{"start":{"line":37,"column":8},"end":{"line":39,"column":null}},"type":"if","locations":[{"start":{"line":37,"column":8},"end":{"line":39,"column":null}}]},"3":{"loc":{"start":{"line":49,"column":8},"end":{"line":51,"column":null}},"type":"if","locations":[{"start":{"line":49,"column":8},"end":{"line":51,"column":null}}]},"4":{"loc":{"start":{"line":53,"column":8},"end":{"line":58,"column":null}},"type":"if","locations":[{"start":{"line":53,"column":8},"end":{"line":58,"column":null}}]},"5":{"loc":{"start":{"line":53,"column":12},"end":{"line":53,"column":69}},"type":"binary-expr","locations":[{"start":{"line":53,"column":12},"end":{"line":53,"column":34}},{"start":{"line":53,"column":38},"end":{"line":53,"column":69}}]},"6":{"loc":{"start":{"line":55,"column":12},"end":{"line":57,"column":null}},"type":"if","locations":[{"start":{"line":55,"column":12},"end":{"line":57,"column":null}}]},"7":{"loc":{"start":{"line":55,"column":17},"end":{"line":55,"column":60}},"type":"binary-expr","locations":[{"start":{"line":55,"column":17},"end":{"line":55,"column":29}},{"start":{"line":55,"column":33},"end":{"line":55,"column":60}}]},"8":{"loc":{"start":{"line":61,"column":8},"end":{"line":63,"column":null}},"type":"if","locations":[{"start":{"line":61,"column":8},"end":{"line":63,"column":null}}]},"9":{"loc":{"start":{"line":70,"column":8},"end":{"line":72,"column":null}},"type":"if","locations":[{"start":{"line":70,"column":8},"end":{"line":72,"column":null}}]}},"s":{"0":2,"1":2,"2":2,"3":2,"4":19,"5":3,"6":3,"7":1,"8":2,"9":1,"10":1,"11":1,"12":1,"13":0,"14":0,"15":2,"16":2,"17":1,"18":1,"19":1,"20":3,"21":3,"22":1,"23":2,"24":1,"25":1,"26":1,"27":1,"28":1,"29":0,"30":1,"31":2,"32":2,"33":1,"34":1,"35":1,"36":1,"37":2,"38":2},"f":{"0":19,"1":3,"2":2,"3":1,"4":3,"5":2},"b":{"0":[1],"1":[1],"2":[1],"3":[1],"4":[1],"5":[2,1],"6":[1],"7":[1,1],"8":[0],"9":[1]}}
,"/Users/sanghoopark/Desktop/project/CoupleDiary/src/User/dto/createUserDto.ts": {"path":"/Users/sanghoopark/Desktop/project/CoupleDiary/src/User/dto/createUserDto.ts","statementMap":{"0":{"start":{"line":2,"column":0},"end":{"line":2,"column":66}},"1":{"start":{"line":3,"column":0},"end":{"line":3,"column":31}},"2":{"start":{"line":22,"column":20},"end":{"line":22,"column":30}},"3":{"start":{"line":23,"column":8},"end":{"line":29,"column":null}},"4":{"start":{"line":10,"column":4},"end":{"line":10,"column":null}},"5":{"start":{"line":14,"column":4},"end":{"line":14,"column":null}},"6":{"start":{"line":19,"column":4},"end":{"line":19,"column":null}},"7":{"start":{"line":6,"column":0},"end":{"line":6,"column":13}}},"fnMap":{"0":{"name":"(anonymous_2)","decl":{"start":{"line":21,"column":11},"end":{"line":21,"column":19}},"loc":{"start":{"line":21,"column":19},"end":{"line":31,"column":5}}}},"branchMap":{},"s":{"0":2,"1":2,"2":6,"3":6,"4":2,"5":2,"6":2,"7":2},"f":{"0":6},"b":{}}
,"/Users/sanghoopark/Desktop/project/CoupleDiary/src/User/dto/updateUserDto.ts": {"path":"/Users/sanghoopark/Desktop/project/CoupleDiary/src/User/dto/updateUserDto.ts","statementMap":{"0":{"start":{"line":1,"column":0},"end":{"line":1,"column":105}},"1":{"start":{"line":17,"column":31},"end":{"line":21,"column":null}},"2":{"start":{"line":22,"column":8},"end":{"line":22,"column":null}},"3":{"start":{"line":9,"column":4},"end":{"line":9,"column":null}},"4":{"start":{"line":14,"column":4},"end":{"line":14,"column":null}},"5":{"start":{"line":5,"column":0},"end":{"line":5,"column":13}}},"fnMap":{"0":{"name":"(anonymous_2)","decl":{"start":{"line":16,"column":11},"end":{"line":16,"column":27}},"loc":{"start":{"line":16,"column":55},"end":{"line":23,"column":5}}}},"branchMap":{"0":{"loc":{"start":{"line":16,"column":28},"end":{"line":16,"column":55}},"type":"default-arg","locations":[{"start":{"line":16,"column":45},"end":{"line":16,"column":55}}]}},"s":{"0":2,"1":2,"2":2,"3":2,"4":2,"5":2},"f":{"0":2},"b":{"0":[1]}}
,"/Users/sanghoopark/Desktop/project/CoupleDiary/src/entity/BaseTimeEntity.ts": {"path":"/Users/sanghoopark/Desktop/project/CoupleDiary/src/entity/BaseTimeEntity.ts","statementMap":{"0":{"start":{"line":1,"column":0},"end":{"line":1,"column":71}},"1":{"start":{"line":4,"column":0},"end":{"line":14,"column":null}},"2":{"start":{"line":7,"column":4},"end":{"line":7,"column":null}},"3":{"start":{"line":10,"column":4},"end":{"line":10,"column":null}},"4":{"start":{"line":13,"column":4},"end":{"line":13,"column":null}},"5":{"start":{"line":4,"column":13},"end":{"line":14,"column":null}},"6":{"start":{"line":4,"column":13},"end":{"line":4,"column":27}}},"fnMap":{},"branchMap":{},"s":{"0":18,"1":18,"2":18,"3":18,"4":18,"5":18,"6":18},"f":{},"b":{}}
}
