TN:
SF:src/data-source.ts
FNF:0
FNH:0
DA:1,12
DA:2,12
DA:3,12
DA:4,12
DA:5,12
DA:6,12
DA:7,12
DA:8,12
DA:10,12
LF:9
LH:9
BRF:0
BRH:0
end_of_record
TN:
SF:src/Board/Board.ts
FN:38,(anonymous_2)
FN:56,(anonymous_3)
FN:60,(anonymous_4)
FN:26,(anonymous_5)
FN:26,(anonymous_6)
FN:29,(anonymous_7)
FN:29,(anonymous_8)
FN:32,(anonymous_9)
FN:32,(anonymous_10)
FN:35,(anonymous_11)
FN:35,(anonymous_12)
FNF:11
FNH:3
FNDA:22,(anonymous_2)
FNDA:1,(anonymous_3)
FNDA:1,(anonymous_4)
FNDA:0,(anonymous_5)
FNDA:0,(anonymous_6)
FNDA:0,(anonymous_7)
FNDA:0,(anonymous_8)
FNDA:0,(anonymous_9)
FNDA:0,(anonymous_10)
FNDA:0,(anonymous_11)
FNDA:0,(anonymous_12)
DA:1,18
DA:2,18
DA:3,18
DA:4,18
DA:5,18
DA:6,18
DA:9,18
DA:12,18
DA:15,18
DA:18,18
DA:21,18
DA:24,18
DA:26,0
DA:27,18
DA:29,0
DA:30,18
DA:32,0
DA:33,18
DA:35,0
DA:36,18
DA:45,22
DA:46,22
DA:48,22
DA:49,22
DA:50,22
DA:51,22
DA:52,22
DA:53,22
DA:57,1
DA:61,1
LF:30
LH:26
BRF:0
BRH:0
end_of_record
TN:
SF:src/Board/BoardController.ts
FN:13,(anonymous_11)
FN:19,(anonymous_12)
FN:29,(anonymous_14)
FN:39,(anonymous_16)
FN:49,(anonymous_18)
FN:61,(anonymous_20)
FNF:6
FNH:6
FNDA:11,(anonymous_11)
FNDA:1,(anonymous_12)
FNDA:1,(anonymous_14)
FNDA:1,(anonymous_16)
FNDA:1,(anonymous_18)
FNDA:1,(anonymous_20)
DA:1,1
DA:2,1
DA:3,1
DA:6,1
DA:8,1
DA:12,1
DA:15,11
DA:19,1
DA:20,1
DA:21,1
DA:23,0
DA:24,0
DA:29,1
DA:30,1
DA:31,1
DA:33,0
DA:34,0
DA:39,1
DA:40,1
DA:41,1
DA:43,0
DA:44,0
DA:49,1
DA:52,1
DA:53,1
DA:55,0
DA:56,0
DA:61,1
DA:62,1
DA:63,1
DA:65,0
DA:66,0
DA:67,0
LF:33
LH:22
BRF:0
BRH:0
end_of_record
TN:
SF:src/Board/BoardRepository.ts
FN:8,(anonymous_2)
FNF:1
FNH:0
FNDA:0,(anonymous_2)
DA:1,2
DA:2,2
DA:3,2
DA:4,2
DA:7,2
DA:9,0
LF:6
LH:5
BRF:0
BRH:0
end_of_record
TN:
SF:src/Board/BoardService.ts
FN:11,(anonymous_11)
FN:16,(anonymous_12)
FN:28,(anonymous_14)
FN:36,(anonymous_16)
FN:40,(anonymous_18)
FN:53,(anonymous_20)
FNF:6
FNH:6
FNDA:17,(anonymous_11)
FNDA:1,(anonymous_12)
FNDA:2,(anonymous_14)
FNDA:1,(anonymous_16)
FNDA:3,(anonymous_18)
FNDA:2,(anonymous_20)
DA:1,2
DA:4,2
DA:7,2
DA:10,2
DA:13,17
DA:17,1
DA:19,1
DA:20,1
DA:21,1
DA:23,0
DA:24,0
DA:29,2
DA:30,2
DA:31,1
DA:33,1
DA:37,1
DA:41,3
DA:42,3
DA:43,1
DA:46,2
DA:47,2
DA:48,1
DA:50,1
DA:54,2
DA:55,2
DA:56,1
DA:59,1
DA:60,1
DA:61,0
DA:63,1
LF:30
LH:27
BRDA:30,0,0,1
BRDA:42,1,0,1
BRDA:47,2,0,1
BRDA:55,3,0,1
BRDA:60,4,0,0
BRF:5
BRH:4
end_of_record
TN:
SF:src/Board/dto/createBoardDto.ts
FN:29,(anonymous_2)
FNF:1
FNH:1
FNDA:3,(anonymous_2)
DA:2,2
DA:3,2
DA:4,2
DA:6,2
DA:10,2
DA:14,2
DA:18,2
DA:22,2
DA:27,2
DA:30,3
LF:10
LH:10
BRDA:29,0,0,2
BRF:1
BRH:1
end_of_record
TN:
SF:src/Board/dto/updateBoardDto.ts
FN:17,(anonymous_2)
FNF:1
FNH:1
FNDA:7,(anonymous_2)
DA:1,2
DA:3,2
DA:7,2
DA:11,2
DA:15,2
DA:18,7
DA:24,7
LF:7
LH:7
BRDA:17,0,0,0
BRF:1
BRH:0
end_of_record
TN:
SF:src/BoardLike/BoardLike.ts
FN:21,(anonymous_2)
FN:15,(anonymous_3)
FN:15,(anonymous_4)
FN:18,(anonymous_5)
FN:18,(anonymous_6)
FNF:5
FNH:1
FNDA:16,(anonymous_2)
FNDA:0,(anonymous_3)
FNDA:0,(anonymous_4)
FNDA:0,(anonymous_5)
FNDA:0,(anonymous_6)
DA:1,18
DA:2,18
DA:3,18
DA:4,18
DA:7,18
DA:10,18
DA:13,18
DA:15,0
DA:16,18
DA:18,0
DA:19,18
DA:25,16
DA:26,16
DA:28,16
DA:29,16
DA:30,16
LF:16
LH:14
BRF:0
BRH:0
end_of_record
TN:
SF:src/BoardLike/BoardLikeController.ts
FN:11,(anonymous_11)
FN:17,(anonymous_12)
FN:27,(anonymous_14)
FN:37,(anonymous_16)
FN:47,(anonymous_18)
FNF:5
FNH:5
FNDA:9,(anonymous_11)
FNDA:1,(anonymous_12)
FNDA:1,(anonymous_14)
FNDA:1,(anonymous_16)
FNDA:1,(anonymous_18)
DA:1,1
DA:2,1
DA:3,1
DA:4,1
DA:10,1
DA:13,9
DA:17,1
DA:18,1
DA:19,1
DA:21,0
DA:22,0
DA:27,1
DA:28,1
DA:29,1
DA:31,0
DA:32,0
DA:37,1
DA:38,1
DA:39,1
DA:41,0
DA:42,0
DA:47,1
DA:48,1
DA:49,1
DA:51,0
DA:52,0
DA:53,0
LF:27
LH:18
BRF:0
BRH:0
end_of_record
TN:
SF:src/BoardLike/BoardLikeRepository.ts
FN:9,(anonymous_2)
FNF:1
FNH:0
FNDA:0,(anonymous_2)
DA:1,2
DA:2,2
DA:4,2
DA:5,2
DA:8,2
DA:10,0
LF:6
LH:5
BRF:0
BRH:0
end_of_record
TN:
SF:src/BoardLike/BoardLikeService.ts
FN:10,(anonymous_11)
FN:15,(anonymous_12)
FN:27,(anonymous_14)
FN:35,(anonymous_16)
FN:39,(anonymous_18)
FNF:5
FNH:5
FNDA:12,(anonymous_11)
FNDA:1,(anonymous_12)
FNDA:2,(anonymous_14)
FNDA:1,(anonymous_16)
FNDA:2,(anonymous_18)
DA:1,2
DA:2,2
DA:5,2
DA:9,2
DA:12,12
DA:16,1
DA:18,1
DA:19,1
DA:20,1
DA:22,0
DA:23,0
DA:28,2
DA:29,2
DA:30,1
DA:32,1
DA:36,1
DA:40,2
DA:41,2
DA:42,1
DA:45,1
DA:46,1
DA:47,0
DA:49,1
LF:23
LH:20
BRDA:29,0,0,1
BRDA:41,1,0,1
BRDA:46,2,0,0
BRF:3
BRH:2
end_of_record
TN:
SF:src/BoardLike/dto/createBoardLikeDto.ts
FN:15,(anonymous_2)
FNF:1
FNH:1
FNDA:3,(anonymous_2)
DA:1,2
DA:2,2
DA:3,2
DA:5,2
DA:9,2
DA:13,2
DA:16,3
LF:7
LH:7
BRDA:15,0,0,2
BRF:1
BRH:1
end_of_record
TN:
SF:src/Category/Category.ts
FN:15,(anonymous_2)
FN:12,(anonymous_3)
FN:12,(anonymous_4)
FNF:3
FNH:1
FNDA:4,(anonymous_2)
FNDA:0,(anonymous_3)
FNDA:0,(anonymous_4)
DA:1,18
DA:2,18
DA:3,18
DA:7,18
DA:10,18
DA:12,0
DA:13,18
DA:16,4
DA:17,4
DA:18,4
DA:19,4
DA:20,4
LF:12
LH:11
BRDA:15,0,0,0
BRF:1
BRH:0
end_of_record
TN:
SF:src/Category/CategoryController.ts
FN:11,(anonymous_11)
FN:17,(anonymous_12)
FN:27,(anonymous_14)
FN:32,(anonymous_16)
FN:37,(anonymous_18)
FN:49,(anonymous_20)
FNF:6
FNH:6
FNDA:11,(anonymous_11)
FNDA:1,(anonymous_12)
FNDA:1,(anonymous_14)
FNDA:1,(anonymous_16)
FNDA:1,(anonymous_18)
FNDA:1,(anonymous_20)
DA:1,1
DA:2,1
DA:3,1
DA:4,1
DA:10,1
DA:13,11
DA:17,1
DA:18,1
DA:19,1
DA:21,0
DA:22,0
DA:27,1
DA:28,1
DA:32,1
DA:33,1
DA:37,1
DA:40,1
DA:41,1
DA:43,0
DA:44,0
DA:49,1
DA:50,1
DA:51,1
DA:53,0
DA:54,0
LF:25
LH:19
BRF:0
BRH:0
end_of_record
TN:
SF:src/Category/CategoryRepository.ts
FN:8,(anonymous_2)
FNF:1
FNH:0
FNDA:0,(anonymous_2)
DA:1,2
DA:2,2
DA:3,2
DA:4,2
DA:7,2
DA:9,0
LF:6
LH:5
BRF:0
BRH:0
end_of_record
TN:
SF:src/Category/CategoryService.ts
FN:10,(anonymous_11)
FN:15,(anonymous_12)
FN:32,(anonymous_14)
FN:36,(anonymous_16)
FN:44,(anonymous_18)
FN:62,(anonymous_20)
FNF:6
FNH:6
FNDA:16,(anonymous_11)
FNDA:2,(anonymous_12)
FNDA:1,(anonymous_14)
FNDA:2,(anonymous_16)
FNDA:3,(anonymous_18)
FNDA:2,(anonymous_20)
DA:1,2
DA:2,2
DA:4,2
DA:9,2
DA:12,16
DA:17,2
DA:19,2
DA:20,1
DA:23,1
DA:24,1
DA:25,1
DA:27,0
DA:28,0
DA:33,1
DA:37,2
DA:38,2
DA:39,1
DA:41,1
DA:45,3
DA:46,3
DA:47,1
DA:50,2
DA:51,2
DA:52,1
DA:55,1
DA:56,1
DA:57,0
DA:59,1
DA:63,2
DA:64,2
DA:65,1
DA:68,1
DA:69,1
DA:70,0
DA:72,1
LF:35
LH:31
BRDA:19,0,0,1
BRDA:38,1,0,1
BRDA:46,2,0,1
BRDA:51,3,0,1
BRDA:56,4,0,0
BRDA:64,5,0,1
BRDA:69,6,0,0
BRF:7
BRH:5
end_of_record
TN:
SF:src/Category/dto/CategoryDto.ts
FN:10,(anonymous_2)
FNF:1
FNH:1
FNDA:3,(anonymous_2)
DA:1,2
DA:2,2
DA:4,2
DA:8,2
DA:11,3
DA:12,3
LF:6
LH:6
BRDA:10,0,0,1
BRF:1
BRH:1
end_of_record
TN:
SF:src/Comment/Comment.ts
FN:32,(anonymous_2)
FN:23,(anonymous_3)
FN:23,(anonymous_4)
FN:26,(anonymous_5)
FN:26,(anonymous_6)
FN:29,(anonymous_7)
FN:29,(anonymous_8)
FNF:7
FNH:1
FNDA:24,(anonymous_2)
FNDA:0,(anonymous_3)
FNDA:0,(anonymous_4)
FNDA:0,(anonymous_5)
FNDA:0,(anonymous_6)
FNDA:0,(anonymous_7)
FNDA:0,(anonymous_8)
DA:1,18
DA:2,18
DA:3,18
DA:4,18
DA:6,18
DA:9,18
DA:12,18
DA:15,18
DA:18,18
DA:21,18
DA:23,0
DA:24,18
DA:26,0
DA:27,18
DA:29,0
DA:30,18
DA:38,24
DA:39,24
DA:41,24
DA:42,24
DA:43,24
DA:44,24
DA:45,24
LF:23
LH:20
BRDA:37,0,0,22
BRF:1
BRH:1
end_of_record
TN:
SF:src/Comment/CommentController.ts
FN:12,(anonymous_11)
FN:18,(anonymous_12)
FN:28,(anonymous_14)
FN:38,(anonymous_16)
FN:48,(anonymous_18)
FN:60,(anonymous_20)
FNF:6
FNH:6
FNDA:10,(anonymous_11)
FNDA:1,(anonymous_12)
FNDA:1,(anonymous_14)
FNDA:1,(anonymous_16)
FNDA:1,(anonymous_18)
FNDA:1,(anonymous_20)
DA:1,1
DA:2,1
DA:3,1
DA:4,1
DA:6,1
DA:11,1
DA:14,10
DA:18,1
DA:19,1
DA:20,1
DA:22,0
DA:23,0
DA:28,1
DA:29,1
DA:30,1
DA:32,0
DA:33,0
DA:38,1
DA:39,1
DA:40,1
DA:42,0
DA:43,0
DA:48,1
DA:51,1
DA:52,1
DA:54,0
DA:55,0
DA:60,1
DA:61,1
DA:62,1
DA:64,0
DA:65,0
DA:66,0
LF:33
LH:22
BRF:0
BRH:0
end_of_record
TN:
SF:src/Comment/CommentRepository.ts
FN:8,(anonymous_2)
FNF:1
FNH:0
FNDA:0,(anonymous_2)
DA:1,2
DA:2,2
DA:3,2
DA:4,2
DA:7,2
DA:9,0
LF:6
LH:5
BRF:0
BRH:0
end_of_record
TN:
SF:src/Comment/CommentService.ts
FN:12,(anonymous_11)
FN:17,(anonymous_12)
FN:29,(anonymous_14)
FN:37,(anonymous_16)
FN:41,(anonymous_18)
FN:54,(anonymous_20)
FNF:6
FNH:6
FNDA:18,(anonymous_11)
FNDA:1,(anonymous_12)
FNDA:2,(anonymous_14)
FNDA:1,(anonymous_16)
FNDA:3,(anonymous_18)
FNDA:2,(anonymous_20)
DA:1,2
DA:2,2
DA:5,2
DA:11,2
DA:14,18
DA:18,1
DA:20,1
DA:21,1
DA:22,1
DA:24,0
DA:25,0
DA:30,2
DA:31,2
DA:32,1
DA:34,1
DA:38,1
DA:42,3
DA:43,3
DA:44,1
DA:47,2
DA:48,2
DA:49,1
DA:51,1
DA:55,2
DA:56,2
DA:57,1
DA:60,1
DA:61,1
DA:62,0
DA:64,1
LF:30
LH:27
BRDA:31,0,0,1
BRDA:43,1,0,1
BRDA:48,2,0,1
BRDA:56,3,0,1
BRDA:61,4,0,0
BRF:5
BRH:4
end_of_record
TN:
SF:src/Comment/dto/createCommentDto.ts
FN:22,(anonymous_2)
FNF:1
FNH:1
FNDA:4,(anonymous_2)
DA:1,2
DA:2,2
DA:3,2
DA:5,2
DA:9,2
DA:13,2
DA:16,2
DA:20,2
DA:23,4
LF:9
LH:9
BRDA:22,0,0,2
BRF:1
BRH:1
end_of_record
TN:
SF:src/Comment/dto/updateCommentDto.ts
FN:12,(anonymous_2)
FNF:1
FNH:1
FNDA:7,(anonymous_2)
DA:1,2
DA:2,2
DA:5,2
DA:10,2
DA:13,7
DA:17,7
LF:6
LH:6
BRDA:12,0,0,0
BRF:1
BRH:0
end_of_record
TN:
SF:src/CommentLike/CommenLikeService.ts
FN:11,(anonymous_11)
FN:16,(anonymous_12)
FN:28,(anonymous_14)
FN:36,(anonymous_16)
FN:40,(anonymous_18)
FNF:5
FNH:5
FNDA:12,(anonymous_11)
FNDA:1,(anonymous_12)
FNDA:2,(anonymous_14)
FNDA:1,(anonymous_16)
FNDA:2,(anonymous_18)
DA:1,2
DA:2,2
DA:5,2
DA:10,2
DA:13,12
DA:17,1
DA:19,1
DA:20,1
DA:21,1
DA:23,0
DA:24,0
DA:29,2
DA:30,2
DA:31,1
DA:33,1
DA:37,1
DA:41,2
DA:42,2
DA:43,1
DA:46,1
DA:47,1
DA:48,0
DA:50,1
LF:23
LH:20
BRDA:30,0,0,1
BRDA:42,1,0,1
BRDA:47,2,0,0
BRF:3
BRH:2
end_of_record
TN:
SF:src/CommentLike/CommentLike.ts
FN:21,(anonymous_2)
FN:15,(anonymous_3)
FN:15,(anonymous_4)
FN:18,(anonymous_5)
FN:18,(anonymous_6)
FNF:5
FNH:1
FNDA:16,(anonymous_2)
FNDA:0,(anonymous_3)
FNDA:0,(anonymous_4)
FNDA:0,(anonymous_5)
FNDA:0,(anonymous_6)
DA:1,18
DA:2,18
DA:3,18
DA:4,18
DA:7,18
DA:10,18
DA:13,18
DA:15,0
DA:16,18
DA:18,0
DA:19,18
DA:25,16
DA:26,16
DA:28,16
DA:29,16
DA:30,16
LF:16
LH:14
BRF:0
BRH:0
end_of_record
TN:
SF:src/CommentLike/CommentLikeController.ts
FN:9,(anonymous_11)
FN:15,(anonymous_12)
FN:25,(anonymous_14)
FN:35,(anonymous_16)
FN:45,(anonymous_18)
FNF:5
FNH:5
FNDA:9,(anonymous_11)
FNDA:1,(anonymous_12)
FNDA:1,(anonymous_14)
FNDA:1,(anonymous_16)
FNDA:1,(anonymous_18)
DA:1,1
DA:2,1
DA:3,1
DA:4,1
DA:8,1
DA:11,9
DA:15,1
DA:16,1
DA:17,1
DA:19,0
DA:20,0
DA:25,1
DA:26,1
DA:27,1
DA:29,0
DA:30,0
DA:35,1
DA:36,1
DA:37,1
DA:39,0
DA:40,0
DA:45,1
DA:46,1
DA:47,1
DA:49,0
DA:50,0
DA:51,0
LF:27
LH:18
BRF:0
BRH:0
end_of_record
TN:
SF:src/CommentLike/CommentLikeRepository.ts
FN:8,(anonymous_2)
FNF:1
FNH:0
FNDA:0,(anonymous_2)
DA:1,2
DA:2,2
DA:3,2
DA:4,2
DA:7,2
DA:9,0
LF:6
LH:5
BRF:0
BRH:0
end_of_record
TN:
SF:src/CommentLike/dto/createCommentLikeDto.ts
FN:15,(anonymous_2)
FNF:1
FNH:1
FNDA:3,(anonymous_2)
DA:1,2
DA:2,2
DA:3,2
DA:5,2
DA:9,2
DA:13,2
DA:16,3
LF:7
LH:7
BRDA:15,0,0,2
BRF:1
BRH:1
end_of_record
TN:
SF:src/User/User.ts
FN:38,(anonymous_2)
FN:54,(anonymous_3)
FN:58,(anonymous_4)
FN:25,(anonymous_5)
FN:25,(anonymous_6)
FN:28,(anonymous_7)
FN:28,(anonymous_8)
FN:31,(anonymous_9)
FN:31,(anonymous_10)
FNF:9
FNH:3
FNDA:27,(anonymous_2)
FNDA:1,(anonymous_3)
FNDA:4,(anonymous_4)
FNDA:0,(anonymous_5)
FNDA:0,(anonymous_6)
FNDA:0,(anonymous_7)
FNDA:0,(anonymous_8)
FNDA:0,(anonymous_9)
FNDA:0,(anonymous_10)
DA:1,18
DA:2,18
DA:4,18
DA:5,18
DA:6,18
DA:11,18
DA:14,18
DA:17,18
DA:20,18
DA:23,18
DA:25,0
DA:26,18
DA:28,0
DA:29,18
DA:31,0
DA:32,18
DA:44,27
DA:45,27
DA:46,27
DA:47,27
DA:48,27
DA:49,27
DA:50,27
DA:51,27
DA:55,1
DA:59,4
LF:26
LH:23
BRF:0
BRH:0
end_of_record
TN:
SF:src/User/UserController.ts
FN:12,(anonymous_11)
FN:18,(anonymous_12)
FN:29,(anonymous_14)
FN:39,(anonymous_16)
FN:49,(anonymous_18)
FN:61,(anonymous_20)
FNF:6
FNH:6
FNDA:12,(anonymous_11)
FNDA:1,(anonymous_12)
FNDA:1,(anonymous_14)
FNDA:1,(anonymous_16)
FNDA:1,(anonymous_18)
FNDA:1,(anonymous_20)
DA:1,1
DA:2,1
DA:3,1
DA:4,1
DA:5,1
DA:11,1
DA:14,12
DA:18,1
DA:19,1
DA:20,1
DA:22,0
DA:23,0
DA:29,1
DA:30,1
DA:31,1
DA:33,0
DA:34,0
DA:39,1
DA:40,1
DA:41,1
DA:43,0
DA:44,0
DA:49,1
DA:52,1
DA:53,1
DA:55,0
DA:56,0
DA:61,1
DA:62,1
DA:63,1
DA:65,0
DA:66,0
LF:32
LH:22
BRF:0
BRH:0
end_of_record
TN:
SF:src/User/UserRepository.ts
FN:8,(anonymous_2)
FNF:1
FNH:0
FNDA:0,(anonymous_2)
DA:1,2
DA:2,2
DA:3,2
DA:4,2
DA:7,2
DA:9,0
LF:6
LH:5
BRF:0
BRH:0
end_of_record
TN:
SF:src/User/UserService.ts
FN:10,(anonymous_11)
FN:15,(anonymous_12)
FN:35,(anonymous_14)
FN:43,(anonymous_16)
FN:47,(anonymous_18)
FN:68,(anonymous_20)
FNF:6
FNH:6
FNDA:19,(anonymous_11)
FNDA:3,(anonymous_12)
FNDA:2,(anonymous_14)
FNDA:1,(anonymous_16)
FNDA:3,(anonymous_18)
FNDA:2,(anonymous_20)
DA:1,2
DA:4,2
DA:5,2
DA:9,2
DA:12,19
DA:16,3
DA:18,3
DA:19,1
DA:21,2
DA:22,1
DA:25,1
DA:26,1
DA:27,1
DA:29,0
DA:30,0
DA:36,2
DA:37,2
DA:38,1
DA:40,1
DA:44,1
DA:48,3
DA:49,3
DA:50,1
DA:53,2
DA:54,1
DA:55,1
DA:56,1
DA:60,1
DA:61,1
DA:62,0
DA:64,1
DA:69,2
DA:70,2
DA:71,1
DA:74,1
DA:75,1
DA:76,1
LF:37
LH:34
BRDA:18,0,0,1
BRDA:21,1,0,1
BRDA:37,2,0,1
BRDA:49,3,0,1
BRDA:53,4,0,1
BRDA:53,5,0,2
BRDA:53,5,1,1
BRDA:55,6,0,1
BRDA:55,7,0,1
BRDA:55,7,1,1
BRDA:61,8,0,0
BRDA:70,9,0,1
BRF:12
BRH:11
end_of_record
TN:
SF:src/User/dto/createUserDto.ts
FN:21,(anonymous_2)
FNF:1
FNH:1
FNDA:6,(anonymous_2)
DA:2,2
DA:3,2
DA:6,2
DA:10,2
DA:14,2
DA:19,2
DA:22,6
DA:23,6
LF:8
LH:8
BRF:0
BRH:0
end_of_record
TN:
SF:src/User/dto/updateUserDto.ts
FN:16,(anonymous_2)
FNF:1
FNH:1
FNDA:2,(anonymous_2)
DA:1,2
DA:5,2
DA:9,2
DA:14,2
DA:17,2
DA:22,2
LF:6
LH:6
BRDA:16,0,0,1
BRF:1
BRH:1
end_of_record
TN:
SF:src/entity/BaseTimeEntity.ts
FNF:0
FNH:0
DA:1,18
DA:4,18
DA:7,18
DA:10,18
DA:13,18
LF:5
LH:5
BRF:0
BRH:0
end_of_record
