TN:
SF:src/data-source.ts
FNF:0
FNH:0
DA:1,1
DA:2,1
DA:3,1
DA:5,1
LF:4
LH:4
BRF:0
BRH:0
end_of_record
TN:
SF:src/controller/user.controller.ts
FN:9,(anonymous_17)
FN:14,UserController
FN:19,(anonymous_19)
FN:22,(anonymous_20)
FN:27,(anonymous_22)
FNF:5
FNH:2
FNDA:1,(anonymous_17)
FNDA:1,UserController
FNDA:0,(anonymous_19)
FNDA:0,(anonymous_20)
FNDA:0,(anonymous_22)
DA:2,1
DA:6,1
DA:9,1
DA:14,1
DA:16,1
DA:19,1
DA:22,0
DA:24,0
DA:27,1
DA:32,0
DA:34,1
LF:11
LH:8
BRF:0
BRH:0
end_of_record
TN:
SF:src/entity/EssentialEntity.ts
FN:4,(anonymous_2)
FNF:1
FNH:1
FNDA:1,(anonymous_2)
DA:1,1
DA:4,1
DA:7,1
DA:10,1
DA:13,1
DA:14,1
LF:6
LH:6
BRF:0
BRH:0
end_of_record
TN:
SF:src/entity/User.ts
FN:5,(anonymous_8)
FNF:1
FNH:1
FNDA:1,(anonymous_8)
DA:1,1
DA:2,1
DA:5,1
DA:8,1
DA:11,1
DA:13,1
LF:6
LH:6
BRF:0
BRH:0
end_of_record
TN:
SF:src/repository/user.repository.ts
FN:7,(anonymous_2)
FN:8,UserRepository
FNF:2
FNH:1
FNDA:1,(anonymous_2)
FNDA:0,UserRepository
DA:1,1
DA:2,1
DA:3,1
DA:7,1
DA:9,0
DA:11,1
LF:6
LH:5
BRDA:9,0,0,0
BRF:1
BRH:0
end_of_record
